<?xml version="1.0" encoding="utf-8"?>
<TestRun id="aed64cb0-0140-404c-8761-fc2b73e6091f" name="Konstantin@DESKTOP-OV6U4FN 2026-07-29 12:33:32" runUser="DESKTOP-OV6U4FN\Konstantin" xmlns="http://microsoft.com/schemas/VisualStudio/TeamTest/2010">
  <Times creation="2026-07-29T12:33:32.9212774+06:00" queuing="2026-07-29T12:33:32.9212776+06:00" start="2026-07-29T12:33:31.5978669+06:00" finish="2026-07-29T12:33:33.0269674+06:00" />
  <TestSettings name="default" id="2348c253-b2b7-4f03-a788-fa3fb8a9d7a3">
    <Deployment runDeploymentRoot="Konstantin_DESKTOP-OV6U4FN_2026-07-29_12_33_32" />
  </TestSettings>
  <Results>
    <UnitTestResult executionId="cf80a1ec-865f-41f9-8f10-5fb5eef63789" testId="4b591176-e05b-5640-2fef-e98fd3bcb743" testName="PolyglotSql.Tests.LineageTests.TestLineageDerivedTableSourceKind" computerName="DESKTOP-OV6U4FN" duration="00:00:00.0201387" startTime="2026-07-29T12:33:32.8134994+06:00" endTime="2026-07-29T12:33:32.8134995+06:00" testType="13cdc9d9-ddb5-4fa4-a97d-d965ccfc6d4b" outcome="Passed" testListId="8c84fa94-04c1-424b-9868-57a2d4851a1d" relativeResultsDirectory="cf80a1ec-865f-41f9-8f10-5fb5eef63789" />
    <UnitTestResult executionId="1a88a6b0-0e80-452c-ab92-ae394d74c53e" testId="6a7890bf-0ab3-0547-6944-63ef842b8baf" testName="PolyglotSql.Tests.DataTypeTests.ParseAndGenBackToItself(input: &quot;TEXT(255)&quot;, dialect: DuckDB)" computerName="DESKTOP-OV6U4FN" duration="00:00:00.0072718" startTime="2026-07-29T12:33:32.8768012+06:00" endTime="2026-07-29T12:33:32.8768013+06:00" testType="13cdc9d9-ddb5-4fa4-a97d-d965ccfc6d4b" outcome="Passed" testListId="8c84fa94-04c1-424b-9868-57a2d4851a1d" relativeResultsDirectory="1a88a6b0-0e80-452c-ab92-ae394d74c53e" />
    <UnitTestResult executionId="3b0a04c6-2681-48da-999a-15b9c9215bf3" testId="44eadfe9-0dcf-ea4f-9758-f520e891a9bd" testName="PolyglotSql.Tests.DataTypeTests.ParseAndGenBackToItself(input: &quot;VARCHAR(255)&quot;, dialect: TSQL)" computerName="DESKTOP-OV6U4FN" duration="00:00:00.0022212" startTime="2026-07-29T12:33:32.8818204+06:00" endTime="2026-07-29T12:33:32.8818205+06:00" testType="13cdc9d9-ddb5-4fa4-a97d-d965ccfc6d4b" outcome="Passed" testListId="8c84fa94-04c1-424b-9868-57a2d4851a1d" relativeResultsDirectory="3b0a04c6-2681-48da-999a-15b9c9215bf3" />
    <UnitTestResult executionId="f622be77-fa9a-42ea-b484-f4fa18237566" testId="be62912b-15d6-abdc-ddb0-16e1048cbc44" testName="PolyglotSql.Tests.DataTypeTests.ParseAndGenBackToItself(input: &quot;JSON&quot;, dialect: PostgreSQL)" computerName="DESKTOP-OV6U4FN" duration="00:00:00.0000484" startTime="2026-07-29T12:33:32.8903381+06:00" endTime="2026-07-29T12:33:32.8903382+06:00" testType="13cdc9d9-ddb5-4fa4-a97d-d965ccfc6d4b" outcome="Passed" testListId="8c84fa94-04c1-424b-9868-57a2d4851a1d" relativeResultsDirectory="f622be77-fa9a-42ea-b484-f4fa18237566" />
    <UnitTestResult executionId="d0237694-35f9-4677-9eeb-4873c54f1afd" testId="a689aecd-2cf5-06b5-0ba7-fe49d32065f8" testName="PolyglotSql.Tests.OtherTests.TestValidateInvalid" computerName="DESKTOP-OV6U4FN" duration="00:00:00.0404033" startTime="2026-07-29T12:33:32.8714162+06:00" endTime="2026-07-29T12:33:32.8714163+06:00" testType="13cdc9d9-ddb5-4fa4-a97d-d965ccfc6d4b" outcome="Passed" testListId="8c84fa94-04c1-424b-9868-57a2d4851a1d" relativeResultsDirectory="d0237694-35f9-4677-9eeb-4873c54f1afd" />
    <UnitTestResult executionId="674bfcb7-12d3-451a-825d-dfadb8afbe6c" testId="6bc94cb9-5443-7dc8-ccf7-6c19e8a09ec7" testName="PolyglotSql.Tests.DataTypeTests.ParseAndGenBackToItself(input: &quot;TEXT&quot;, dialect: SQLite)" computerName="DESKTOP-OV6U4FN" duration="00:00:00.0001054" startTime="2026-07-29T12:33:32.8778844+06:00" endTime="2026-07-29T12:33:32.8778845+06:00" testType="13cdc9d9-ddb5-4fa4-a97d-d965ccfc6d4b" outcome="Passed" testListId="8c84fa94-04c1-424b-9868-57a2d4851a1d" relativeResultsDirectory="674bfcb7-12d3-451a-825d-dfadb8afbe6c" />
    <UnitTestResult executionId="8f9effae-adb5-4cbc-b261-8973c7c6f4a3" testId="5de76e60-c14f-434d-6b1e-6509cdbd957a" testName="PolyglotSql.Tests.DataTypeTests.ParseAndGenBackToItself(input: &quot;CLOB&quot;, dialect: Oracle)" computerName="DESKTOP-OV6U4FN" duration="00:00:00.0000479" startTime="2026-07-29T12:33:32.8811819+06:00" endTime="2026-07-29T12:33:32.8811819+06:00" testType="13cdc9d9-ddb5-4fa4-a97d-d965ccfc6d4b" outcome="Passed" testListId="8c84fa94-04c1-424b-9868-57a2d4851a1d" relativeResultsDirectory="8f9effae-adb5-4cbc-b261-8973c7c6f4a3" />
    <UnitTestResult executionId="e4f697ec-7bac-44e7-9607-3592f626fbb3" testId="b04e1d7c-149f-3a46-32d7-0f27a62e31e9" testName="PolyglotSql.Tests.DataTypeTests.ParseAndGenBackToItself(input: &quot;BOOLEAN&quot;, dialect: PostgreSQL)" computerName="DESKTOP-OV6U4FN" duration="00:00:00.0009057" startTime="2026-07-29T12:33:32.8810795+06:00" endTime="2026-07-29T12:33:32.8810795+06:00" testType="13cdc9d9-ddb5-4fa4-a97d-d965ccfc6d4b" outcome="Passed" testListId="8c84fa94-04c1-424b-9868-57a2d4851a1d" relativeResultsDirectory="e4f697ec-7bac-44e7-9607-3592f626fbb3" />
    <UnitTestResult executionId="79068322-2ec1-4c62-ab44-5e5073f7710a" testId="330e5c16-f1bf-3135-303a-08d36838fdf8" testName="PolyglotSql.Tests.DiffTests.TestDiffAddedWhere" computerName="DESKTOP-OV6U4FN" duration="00:00:00.0008653" startTime="2026-07-29T12:33:32.8683429+06:00" endTime="2026-07-29T12:33:32.8683430+06:00" testType="13cdc9d9-ddb5-4fa4-a97d-d965ccfc6d4b" outcome="Passed" testListId="8c84fa94-04c1-424b-9868-57a2d4851a1d" relativeResultsDirectory="79068322-2ec1-4c62-ab44-5e5073f7710a" />
    <UnitTestResult executionId="e5ac5d9b-5963-49a4-9814-e96db35123f6" testId="fc69a23f-e8c4-0735-cad0-3cce167369de" testName="PolyglotSql.Tests.DataTypeTests.ParseAndGenBackToItself(input: &quot;INT&quot;, dialect: PostgreSQL)" computerName="DESKTOP-OV6U4FN" duration="00:00:00.0000613" startTime="2026-07-29T12:33:32.8918159+06:00" endTime="2026-07-29T12:33:32.8918160+06:00" testType="13cdc9d9-ddb5-4fa4-a97d-d965ccfc6d4b" outcome="Passed" testListId="8c84fa94-04c1-424b-9868-57a2d4851a1d" relativeResultsDirectory="e5ac5d9b-5963-49a4-9814-e96db35123f6" />
    <UnitTestResult executionId="e4aee15b-c2aa-48e0-a4e0-8542d60e71bc" testId="7d949880-9eab-6ca3-32fb-38bf8aae0bb5" testName="PolyglotSql.Tests.DataTypeTests.ParseAndGenBackToItself(input: &quot;DOUBLE&quot;, dialect: MySQL)" computerName="DESKTOP-OV6U4FN" duration="00:00:00.0000846" startTime="2026-07-29T12:33:32.8899921+06:00" endTime="2026-07-29T12:33:32.8899923+06:00" testType="13cdc9d9-ddb5-4fa4-a97d-d965ccfc6d4b" outcome="Passed" testListId="8c84fa94-04c1-424b-9868-57a2d4851a1d" relativeResultsDirectory="e4aee15b-c2aa-48e0-a4e0-8542d60e71bc" />
    <UnitTestResult executionId="c4962193-129b-4a13-854e-641795fc6b99" testId="6b099efa-d673-82cc-f852-112db17e8393" testName="PolyglotSql.Tests.TranspileTests.TranspileOptionMaxUnsupported(maxUnsupported: 10, expectTruncated: False)" computerName="DESKTOP-OV6U4FN" duration="00:00:00.0006512" startTime="2026-07-29T12:33:32.8742330+06:00" endTime="2026-07-29T12:33:32.8742331+06:00" testType="13cdc9d9-ddb5-4fa4-a97d-d965ccfc6d4b" outcome="Passed" testListId="8c84fa94-04c1-424b-9868-57a2d4851a1d" relativeResultsDirectory="c4962193-129b-4a13-854e-641795fc6b99" />
    <UnitTestResult executionId="6530784b-9fa1-4d4d-9d00-e32cd3f6a1a7" testId="d697caff-960c-f71a-4142-fdee138f683a" testName="PolyglotSql.Tests.AstTests.TestParseComplexQuery" computerName="DESKTOP-OV6U4FN" duration="00:00:00.0005978" startTime="2026-07-29T12:33:32.8802837+06:00" endTime="2026-07-29T12:33:32.8802837+06:00" testType="13cdc9d9-ddb5-4fa4-a97d-d965ccfc6d4b" outcome="Passed" testListId="8c84fa94-04c1-424b-9868-57a2d4851a1d" relativeResultsDirectory="6530784b-9fa1-4d4d-9d00-e32cd3f6a1a7" />
    <UnitTestResult executionId="2d89b6a8-b327-4302-ad68-350570d51d08" testId="73efa0f9-8a1a-f278-5876-083e5ddd97ca" testName="PolyglotSql.Tests.DataTypeTests.ParseAndGenBackToItself(input: &quot;BIGINT&quot;, dialect: Generic)" computerName="DESKTOP-OV6U4FN" duration="00:00:00.0000601" startTime="2026-07-29T12:33:32.8901348+06:00" endTime="2026-07-29T12:33:32.8901348+06:00" testType="13cdc9d9-ddb5-4fa4-a97d-d965ccfc6d4b" outcome="Passed" testListId="8c84fa94-04c1-424b-9868-57a2d4851a1d" relativeResultsDirectory="2d89b6a8-b327-4302-ad68-350570d51d08" />
    <UnitTestResult executionId="2062655b-3e20-4357-8fbc-cbc74b954ed4" testId="647bcf33-f643-59e6-8bff-3d43b51d22ea" testName="PolyglotSql.Tests.DataTypeTests.ParseAndGenBackToItself(input: &quot;FLOAT&quot;, dialect: MySQL)" computerName="DESKTOP-OV6U4FN" duration="00:00:00.0000678" startTime="2026-07-29T12:33:32.8914420+06:00" endTime="2026-07-29T12:33:32.8914421+06:00" testType="13cdc9d9-ddb5-4fa4-a97d-d965ccfc6d4b" outcome="Passed" testListId="8c84fa94-04c1-424b-9868-57a2d4851a1d" relativeResultsDirectory="2062655b-3e20-4357-8fbc-cbc74b954ed4" />
    <UnitTestResult executionId="ccadcb69-50a7-4c86-8cf6-3de7ef5e9b34" testId="0111e8fa-9a4c-1a42-9024-3d4d8cbbda29" testName="PolyglotSql.Tests.TokenizerTests.TestRawJsonOutput" computerName="DESKTOP-OV6U4FN" duration="00:00:00.0009275" startTime="2026-07-29T12:33:32.9062800+06:00" endTime="2026-07-29T12:33:32.9062805+06:00" testType="13cdc9d9-ddb5-4fa4-a97d-d965ccfc6d4b" outcome="Passed" testListId="8c84fa94-04c1-424b-9868-57a2d4851a1d" relativeResultsDirectory="ccadcb69-50a7-4c86-8cf6-3de7ef5e9b34" />
    <UnitTestResult executionId="21cbf069-a5e7-4442-bc2a-60ed380867a6" testId="09fc5f83-7596-9335-312e-21421bc2aa06" testName="PolyglotSql.Tests.DataTypeTests.TestParseDataTypeInt" computerName="DESKTOP-OV6U4FN" duration="00:00:00.0003736" startTime="2026-07-29T12:33:32.8935161+06:00" endTime="2026-07-29T12:33:32.8935162+06:00" testType="13cdc9d9-ddb5-4fa4-a97d-d965ccfc6d4b" outcome="Passed" testListId="8c84fa94-04c1-424b-9868-57a2d4851a1d" relativeResultsDirectory="21cbf069-a5e7-4442-bc2a-60ed380867a6" />
    <UnitTestResult executionId="cf985eb0-9ef1-48a3-978c-e343368c4933" testId="d0d341e4-570a-0614-bcb2-1909e27e60bf" testName="PolyglotSql.Tests.DataTypeTests.ParseAndGenBackToItself(input: &quot;CHAR(10)&quot;, dialect: PostgreSQL)" computerName="DESKTOP-OV6U4FN" duration="00:00:00.0001192" startTime="2026-07-29T12:33:32.8915313+06:00" endTime="2026-07-29T12:33:32.8915314+06:00" testType="13cdc9d9-ddb5-4fa4-a97d-d965ccfc6d4b" outcome="Passed" testListId="8c84fa94-04c1-424b-9868-57a2d4851a1d" relativeResultsDirectory="cf985eb0-9ef1-48a3-978c-e343368c4933" />
    <UnitTestResult executionId="00238b36-7805-4d56-9233-f4d19693aba1" testId="7bfee91c-76dc-fddd-9a33-4cd163c06143" testName="PolyglotSql.Tests.DataTypeTests.ParseAndGenBackToItself(input: &quot;BOOLEAN&quot;, dialect: DuckDB)" computerName="DESKTOP-OV6U4FN" duration="00:00:00.0000528" startTime="2026-07-29T12:33:32.8912322+06:00" endTime="2026-07-29T12:33:32.8912323+06:00" testType="13cdc9d9-ddb5-4fa4-a97d-d965ccfc6d4b" outcome="Passed" testListId="8c84fa94-04c1-424b-9868-57a2d4851a1d" relativeResultsDirectory="00238b36-7805-4d56-9233-f4d19693aba1" />
    <UnitTestResult executionId="6cd92d45-288a-40db-b545-ffd96d948c6b" testId="7fa06e13-862b-db8e-ee85-7936ee044117" testName="PolyglotSql.Tests.DataTypeTests.ParseAndGenBackToItself(input: &quot;NCHAR(10)&quot;, dialect: Oracle)" computerName="DESKTOP-OV6U4FN" duration="00:00:00.0001168" startTime="2026-07-29T12:33:32.8803688+06:00" endTime="2026-07-29T12:33:32.8803688+06:00" testType="13cdc9d9-ddb5-4fa4-a97d-d965ccfc6d4b" outcome="Passed" testListId="8c84fa94-04c1-424b-9868-57a2d4851a1d" relativeResultsDirectory="6cd92d45-288a-40db-b545-ffd96d948c6b" />
    <UnitTestResult executionId="aebad767-7e0a-43dd-94b8-0eb805b0ad51" testId="ec4493e0-2ace-51fb-38ea-c392930fe6c6" testName="PolyglotSql.Tests.DataTypeTests.ParseAndGenBackToItself(input: &quot;REAL&quot;, dialect: SQLite)" computerName="DESKTOP-OV6U4FN" duration="00:00:00.0000561" startTime="2026-07-29T12:33:32.8731148+06:00" endTime="2026-07-29T12:33:32.8731149+06:00" testType="13cdc9d9-ddb5-4fa4-a97d-d965ccfc6d4b" outcome="Passed" testListId="8c84fa94-04c1-424b-9868-57a2d4851a1d" relativeResultsDirectory="aebad767-7e0a-43dd-94b8-0eb805b0ad51" />
    <UnitTestResult executionId="c6938a01-e5ba-4394-9f14-9b7eec2c90b5" testId="92f6f2d3-eea5-5f58-70db-13b064f4e4be" testName="PolyglotSql.Tests.DataTypeTests.ParseAndGenBackToItself(input: &quot;MEDIUMINT&quot;, dialect: MySQL)" computerName="DESKTOP-OV6U4FN" duration="00:00:00.0001988" startTime="2026-07-29T12:33:32.8794177+06:00" endTime="2026-07-29T12:33:32.8794178+06:00" testType="13cdc9d9-ddb5-4fa4-a97d-d965ccfc6d4b" outcome="Passed" testListId="8c84fa94-04c1-424b-9868-57a2d4851a1d" relativeResultsDirectory="c6938a01-e5ba-4394-9f14-9b7eec2c90b5" />
    <UnitTestResult executionId="be9f61cd-1a50-4014-aa5f-7c6a25141e54" testId="f1060a42-83bb-0969-cdc4-23e58ef87257" testName="PolyglotSql.Tests.DataTypeTests.ParseAndGenBackToItself(input: &quot;TINYINT&quot;, dialect: TSQL)" computerName="DESKTOP-OV6U4FN" duration="00:00:00.0000588" startTime="2026-07-29T12:33:32.8863020+06:00" endTime="2026-07-29T12:33:32.8863021+06:00" testType="13cdc9d9-ddb5-4fa4-a97d-d965ccfc6d4b" outcome="Passed" testListId="8c84fa94-04c1-424b-9868-57a2d4851a1d" relativeResultsDirectory="be9f61cd-1a50-4014-aa5f-7c6a25141e54" />
    <UnitTestResult executionId="894f2b96-83e8-4ef5-90e5-c5497c96a189" testId="05d71173-cafb-d9c5-8fe7-71750a566e7e" testName="PolyglotSql.Tests.DialectTests.TestDialectListMatchesEnum" computerName="DESKTOP-OV6U4FN" duration="00:00:00.0023859" startTime="2026-07-29T12:33:32.8801169+06:00" endTime="2026-07-29T12:33:32.8801170+06:00" testType="13cdc9d9-ddb5-4fa4-a97d-d965ccfc6d4b" outcome="Passed" testListId="8c84fa94-04c1-424b-9868-57a2d4851a1d" relativeResultsDirectory="894f2b96-83e8-4ef5-90e5-c5497c96a189" />
    <UnitTestResult executionId="6f4c6eda-badf-4783-b7cb-75d9e87ffee3" testId="4b273180-5a02-524e-78a6-6d7bc3bbc9f0" testName="PolyglotSql.Tests.DataTypeTests.ParseAndGenBackToItself(input: &quot;FLOAT&quot;, dialect: TSQL)" computerName="DESKTOP-OV6U4FN" duration="00:00:00.0000762" startTime="2026-07-29T12:33:32.8816995+06:00" endTime="2026-07-29T12:33:32.8816996+06:00" testType="13cdc9d9-ddb5-4fa4-a97d-d965ccfc6d4b" outcome="Passed" testListId="8c84fa94-04c1-424b-9868-57a2d4851a1d" relativeResultsDirectory="6f4c6eda-badf-4783-b7cb-75d9e87ffee3" />
    <UnitTestResult executionId="a079258f-266e-4e3f-822b-577623c272a2" testId="cafc2f1a-581f-c73c-564e-77ff9e3648d7" testName="PolyglotSql.Tests.DataTypeTests.TestGenerateDataType" computerName="DESKTOP-OV6U4FN" duration="00:00:00.0003415" startTime="2026-07-29T12:33:32.8933355+06:00" endTime="2026-07-29T12:33:32.8933356+06:00" testType="13cdc9d9-ddb5-4fa4-a97d-d965ccfc6d4b" outcome="Passed" testListId="8c84fa94-04c1-424b-9868-57a2d4851a1d" relativeResultsDirectory="a079258f-266e-4e3f-822b-577623c272a2" />
    <UnitTestResult executionId="8abc7ecd-abc7-4034-b365-97a645cf7640" testId="17e54495-f4f6-71b2-d4bd-223e656cefe2" testName="PolyglotSql.Tests.OptimizeTests.TestOptimizeRunsCanonicalizePass" computerName="DESKTOP-OV6U4FN" duration="00:00:00.0012979" startTime="2026-07-29T12:33:32.8804030+06:00" endTime="2026-07-29T12:33:32.8804031+06:00" testType="13cdc9d9-ddb5-4fa4-a97d-d965ccfc6d4b" outcome="Passed" testListId="8c84fa94-04c1-424b-9868-57a2d4851a1d" relativeResultsDirectory="8abc7ecd-abc7-4034-b365-97a645cf7640" />
    <UnitTestResult executionId="539c33c1-bf79-4a58-a741-30f1233f2e49" testId="8bc07f6d-833d-8051-3907-879a69558f41" testName="PolyglotSql.Tests.DataTypeTests.ParseAndGenBackToItself(input: &quot;NCHAR(10)&quot;, dialect: TSQL)" computerName="DESKTOP-OV6U4FN" duration="00:00:00.0001095" startTime="2026-07-29T12:33:32.8839395+06:00" endTime="2026-07-29T12:33:32.8839396+06:00" testType="13cdc9d9-ddb5-4fa4-a97d-d965ccfc6d4b" outcome="Passed" testListId="8c84fa94-04c1-424b-9868-57a2d4851a1d" relativeResultsDirectory="539c33c1-bf79-4a58-a741-30f1233f2e49" />
    <UnitTestResult executionId="5d48e07f-b079-4fe2-8e56-c49e567ef896" testId="a67566dc-9ab2-fc8a-7367-3800cb43deb9" testName="PolyglotSql.Tests.DataTypeTests.ParseAndGenBackToItself(input: &quot;BIGINT&quot;, dialect: MySQL)" computerName="DESKTOP-OV6U4FN" duration="00:00:00.0000608" startTime="2026-07-29T12:33:32.8870764+06:00" endTime="2026-07-29T12:33:32.8870765+06:00" testType="13cdc9d9-ddb5-4fa4-a97d-d965ccfc6d4b" outcome="Passed" testListId="8c84fa94-04c1-424b-9868-57a2d4851a1d" relativeResultsDirectory="5d48e07f-b079-4fe2-8e56-c49e567ef896" />
    <UnitTestResult executionId="3c8bd00a-a285-4588-9877-836e6f9f3238" testId="bb33cd56-58e7-554a-2ff7-2ced687395bd" testName="PolyglotSql.Tests.OptimizeTests.TestOptimizeReturnsEquivalentSql" computerName="DESKTOP-OV6U4FN" duration="00:00:00.0003773" startTime="2026-07-29T12:33:32.8809207+06:00" endTime="2026-07-29T12:33:32.8809208+06:00" testType="13cdc9d9-ddb5-4fa4-a97d-d965ccfc6d4b" outcome="Passed" testListId="8c84fa94-04c1-424b-9868-57a2d4851a1d" relativeResultsDirectory="3c8bd00a-a285-4588-9877-836e6f9f3238" />
    <UnitTestResult executionId="2de93bff-395e-439d-8e12-13ecf399fde4" testId="bced7745-d9ab-44c1-18b8-10d3e9792ef0" testName="PolyglotSql.Tests.DataTypeTests.ParseAndGenBackToItself(input: &quot;BLOB&quot;, dialect: Oracle)" computerName="DESKTOP-OV6U4FN" duration="00:00:00.0001350" startTime="2026-07-29T12:33:32.8794844+06:00" endTime="2026-07-29T12:33:32.8794845+06:00" testType="13cdc9d9-ddb5-4fa4-a97d-d965ccfc6d4b" outcome="Passed" testListId="8c84fa94-04c1-424b-9868-57a2d4851a1d" relativeResultsDirectory="2de93bff-395e-439d-8e12-13ecf399fde4" />
    <UnitTestResult executionId="ced9c7f1-b3e8-4b43-ad4f-5f4e1df39d41" testId="a9ce5c4e-a4ba-c926-e801-1d854f905919" testName="PolyglotSql.Tests.TokenizerTests.TestJinja" computerName="DESKTOP-OV6U4FN" duration="00:00:00.0004958" startTime="2026-07-29T12:33:32.9000722+06:00" endTime="2026-07-29T12:33:32.9000723+06:00" testType="13cdc9d9-ddb5-4fa4-a97d-d965ccfc6d4b" outcome="Passed" testListId="8c84fa94-04c1-424b-9868-57a2d4851a1d" relativeResultsDirectory="ced9c7f1-b3e8-4b43-ad4f-5f4e1df39d41" />
    <UnitTestResult executionId="6c4fd666-d320-4ec3-b59f-92e54bce4699" testId="d574ad63-30f3-0ce0-a3b6-a21265dd4a02" testName="PolyglotSql.Tests.DataTypeTests.ParseAndGenBackToItself(input: &quot;CHAR(10)&quot;, dialect: Generic)" computerName="DESKTOP-OV6U4FN" duration="00:00:00.0001175" startTime="2026-07-29T12:33:32.8810497+06:00" endTime="2026-07-29T12:33:32.8810498+06:00" testType="13cdc9d9-ddb5-4fa4-a97d-d965ccfc6d4b" outcome="Passed" testListId="8c84fa94-04c1-424b-9868-57a2d4851a1d" relativeResultsDirectory="6c4fd666-d320-4ec3-b59f-92e54bce4699" />
    <UnitTestResult executionId="c41061a2-3cdf-4faa-95d8-572115efaa5f" testId="28996251-3436-9046-f5be-b96e439a6874" testName="PolyglotSql.Tests.DataTypeTests.ParseAndGenBackToItself(input: &quot;BIT&quot;, dialect: TSQL)" computerName="DESKTOP-OV6U4FN" duration="00:00:00.0017106" startTime="2026-07-29T12:33:32.8793397+06:00" endTime="2026-07-29T12:33:32.8793398+06:00" testType="13cdc9d9-ddb5-4fa4-a97d-d965ccfc6d4b" outcome="Passed" testListId="8c84fa94-04c1-424b-9868-57a2d4851a1d" relativeResultsDirectory="c41061a2-3cdf-4faa-95d8-572115efaa5f" />
    <UnitTestResult executionId="dc34195a-cee9-4a90-a694-b4b45b4a1371" testId="d74ae1a3-7253-df92-d83a-10d8ce3f958e" testName="PolyglotSql.Tests.DataTypeTests.ParseAndGenBackToItself(input: &quot;BIGINT&quot;, dialect: TSQL)" computerName="DESKTOP-OV6U4FN" duration="00:00:00.0000525" startTime="2026-07-29T12:33:32.8904105+06:00" endTime="2026-07-29T12:33:32.8904106+06:00" testType="13cdc9d9-ddb5-4fa4-a97d-d965ccfc6d4b" outcome="Passed" testListId="8c84fa94-04c1-424b-9868-57a2d4851a1d" relativeResultsDirectory="dc34195a-cee9-4a90-a694-b4b45b4a1371" />
    <UnitTestResult executionId="9038b18f-80da-400f-a540-3f3d1aad4d7a" testId="ae1356f9-40ae-157d-dca8-64b3cf03a3b7" testName="PolyglotSql.Tests.TokenizerTests.TestTokenRepr" computerName="DESKTOP-OV6U4FN" duration="00:00:00.0006757" startTime="2026-07-29T12:33:32.8984860+06:00" endTime="2026-07-29T12:33:32.8984862+06:00" testType="13cdc9d9-ddb5-4fa4-a97d-d965ccfc6d4b" outcome="Passed" testListId="8c84fa94-04c1-424b-9868-57a2d4851a1d" relativeResultsDirectory="9038b18f-80da-400f-a540-3f3d1aad4d7a" />
    <UnitTestResult executionId="e04c43da-3d9a-41c7-a8ee-7f8072a528cf" testId="1d7d4332-b353-9d1a-6b91-0807eaf27082" testName="PolyglotSql.Tests.TokenizerTests.TestNumber" computerName="DESKTOP-OV6U4FN" duration="00:00:00.0001904" startTime="2026-07-29T12:33:32.9038880+06:00" endTime="2026-07-29T12:33:32.9038881+06:00" testType="13cdc9d9-ddb5-4fa4-a97d-d965ccfc6d4b" outcome="Passed" testListId="8c84fa94-04c1-424b-9868-57a2d4851a1d" relativeResultsDirectory="e04c43da-3d9a-41c7-a8ee-7f8072a528cf" />
    <UnitTestResult executionId="0f658890-eecc-4f99-8938-d4c39b4df21d" testId="0115cb31-f6ab-abd3-e436-b8b545c62e7f" testName="PolyglotSql.Tests.TokenizerTests.TestNativeLibraryLoad" computerName="DESKTOP-OV6U4FN" duration="00:00:00.0005022" startTime="2026-07-29T12:33:32.9013793+06:00" endTime="2026-07-29T12:33:32.9013797+06:00" testType="13cdc9d9-ddb5-4fa4-a97d-d965ccfc6d4b" outcome="Passed" testListId="8c84fa94-04c1-424b-9868-57a2d4851a1d" relativeResultsDirectory="0f658890-eecc-4f99-8938-d4c39b4df21d" />
    <UnitTestResult executionId="f29e5f8f-fed4-488d-b6bb-e4eadc1b7389" testId="d1283703-4568-75ee-6cba-d4930ed637c3" testName="PolyglotSql.Tests.TranspileTests.TestTranspileBasic" computerName="DESKTOP-OV6U4FN" duration="00:00:00.0006581" startTime="2026-07-29T12:33:32.8749468+06:00" endTime="2026-07-29T12:33:32.8749469+06:00" testType="13cdc9d9-ddb5-4fa4-a97d-d965ccfc6d4b" outcome="Passed" testListId="8c84fa94-04c1-424b-9868-57a2d4851a1d" relativeResultsDirectory="f29e5f8f-fed4-488d-b6bb-e4eadc1b7389" />
    <UnitTestResult executionId="1da1c9d2-618d-4ad5-8010-793d4b9ca8b6" testId="767c0a1b-6344-81d3-ea04-ef859ff3d42a" testName="PolyglotSql.Tests.DiffTests.TestDiffComplexQueries" computerName="DESKTOP-OV6U4FN" duration="00:00:00.0012658" startTime="2026-07-29T12:33:32.8681894+06:00" endTime="2026-07-29T12:33:32.8681896+06:00" testType="13cdc9d9-ddb5-4fa4-a97d-d965ccfc6d4b" outcome="Passed" testListId="8c84fa94-04c1-424b-9868-57a2d4851a1d" relativeResultsDirectory="1da1c9d2-618d-4ad5-8010-793d4b9ca8b6" />
    <UnitTestResult executionId="b3cf1a85-e680-4a4c-addf-d7a9cf140e49" testId="1d5d895e-6a7c-17c9-ec7f-448491f980c4" testName="PolyglotSql.Tests.AstTests.TestParseBasic" computerName="DESKTOP-OV6U4FN" duration="00:00:00.0010665" startTime="2026-07-29T12:33:32.8769005+06:00" endTime="2026-07-29T12:33:32.8769006+06:00" testType="13cdc9d9-ddb5-4fa4-a97d-d965ccfc6d4b" outcome="Passed" testListId="8c84fa94-04c1-424b-9868-57a2d4851a1d" relativeResultsDirectory="b3cf1a85-e680-4a4c-addf-d7a9cf140e49" />
    <UnitTestResult executionId="dcb07641-a027-40af-adc1-5e02b9c312ee" testId="99a614c5-6d68-86b2-bde7-335b0e8fa870" testName="PolyglotSql.Tests.TokenizerTests.TestErrorMessage" computerName="DESKTOP-OV6U4FN" duration="00:00:00.0018448" startTime="2026-07-29T12:33:32.8972735+06:00" endTime="2026-07-29T12:33:32.8972740+06:00" testType="13cdc9d9-ddb5-4fa4-a97d-d965ccfc6d4b" outcome="Passed" testListId="8c84fa94-04c1-424b-9868-57a2d4851a1d" relativeResultsDirectory="dcb07641-a027-40af-adc1-5e02b9c312ee" />
    <UnitTestResult executionId="d9ce6b19-8dfd-4382-8f92-9616372cb39a" testId="46565713-9f59-e875-391e-00276bf8215b" testName="PolyglotSql.Tests.AstTests.TestParseOne" computerName="DESKTOP-OV6U4FN" duration="00:00:00.0066429" startTime="2026-07-29T12:33:32.8777235+06:00" endTime="2026-07-29T12:33:32.8777236+06:00" testType="13cdc9d9-ddb5-4fa4-a97d-d965ccfc6d4b" outcome="Passed" testListId="8c84fa94-04c1-424b-9868-57a2d4851a1d" relativeResultsDirectory="d9ce6b19-8dfd-4382-8f92-9616372cb39a" />
    <UnitTestResult executionId="68f9820f-7511-48d8-aaf9-a60bac756ab1" testId="948876f7-988a-92c2-04da-c045224bf51f" testName="PolyglotSql.Tests.TranspileTests.TestTranspileSelect" computerName="DESKTOP-OV6U4FN" duration="00:00:00.0007156" startTime="2026-07-29T12:33:32.8751176+06:00" endTime="2026-07-29T12:33:32.8751178+06:00" testType="13cdc9d9-ddb5-4fa4-a97d-d965ccfc6d4b" outcome="Passed" testListId="8c84fa94-04c1-424b-9868-57a2d4851a1d" relativeResultsDirectory="68f9820f-7511-48d8-aaf9-a60bac756ab1" />
    <UnitTestResult executionId="a1feb1a1-291f-4383-8917-a252493d8581" testId="47cbaabf-9322-f4bd-432e-0d3d392bccbd" testName="PolyglotSql.Tests.DataTypeTests.ParseAndGenBackToItself(input: &quot;VARCHAR(MAX)&quot;, dialect: TSQL)" computerName="DESKTOP-OV6U4FN" duration="00:00:00.0000801" startTime="2026-07-29T12:33:32.8847540+06:00" endTime="2026-07-29T12:33:32.8847540+06:00" testType="13cdc9d9-ddb5-4fa4-a97d-d965ccfc6d4b" outcome="Passed" testListId="8c84fa94-04c1-424b-9868-57a2d4851a1d" relativeResultsDirectory="a1feb1a1-291f-4383-8917-a252493d8581" />
    <UnitTestResult executionId="941a4351-f1fe-4ba3-981a-005ae9b9371f" testId="9b39724c-4fcc-0ff7-17e7-6bcf6f7984f0" testName="PolyglotSql.Tests.TokenizerTests.TestCommand" computerName="DESKTOP-OV6U4FN" duration="00:00:00.0004643" startTime="2026-07-29T12:33:32.9029605+06:00" endTime="2026-07-29T12:33:32.9029606+06:00" testType="13cdc9d9-ddb5-4fa4-a97d-d965ccfc6d4b" outcome="Passed" testListId="8c84fa94-04c1-424b-9868-57a2d4851a1d" relativeResultsDirectory="941a4351-f1fe-4ba3-981a-005ae9b9371f" />
    <UnitTestResult executionId="214df0b4-9403-4d68-a7ba-ef6b04c78652" testId="2918849b-b535-ad7d-bd52-3099ab31e7ed" testName="PolyglotSql.Tests.DataTypeTests.ParseAndGenBackToItself(input: &quot;TEXT&quot;, dialect: Generic)" computerName="DESKTOP-OV6U4FN" duration="00:00:00.0010033" startTime="2026-07-29T12:33:32.8728973+06:00" endTime="2026-07-29T12:33:32.8728974+06:00" testType="13cdc9d9-ddb5-4fa4-a97d-d965ccfc6d4b" outcome="Passed" testListId="8c84fa94-04c1-424b-9868-57a2d4851a1d" relativeResultsDirectory="214df0b4-9403-4d68-a7ba-ef6b04c78652" />
    <UnitTestResult executionId="9cb2089d-1f86-419c-aea9-fed81256f651" testId="d9d4a171-c4f3-3fc9-966c-dd65016c7606" testName="PolyglotSql.Tests.DataTypeTests.ParseAndGenBackToItself(input: &quot;TIMESTAMPTZ&quot;, dialect: PostgreSQL)" computerName="DESKTOP-OV6U4FN" duration="00:00:00.0000946" startTime="2026-07-29T12:33:32.8900752+06:00" endTime="2026-07-29T12:33:32.8900753+06:00" testType="13cdc9d9-ddb5-4fa4-a97d-d965ccfc6d4b" outcome="Passed" testListId="8c84fa94-04c1-424b-9868-57a2d4851a1d" relativeResultsDirectory="9cb2089d-1f86-419c-aea9-fed81256f651" />
    <UnitTestResult executionId="12503a0d-f397-4288-b25d-fa27a73081c2" testId="e9dabd7a-949d-5f24-ac08-23e1691c97aa" testName="PolyglotSql.Tests.DiffTests.TestDiffDifferentColumns" computerName="DESKTOP-OV6U4FN" duration="00:00:00.0156006" startTime="2026-07-29T12:33:32.8084275+06:00" endTime="2026-07-29T12:33:32.8084588+06:00" testType="13cdc9d9-ddb5-4fa4-a97d-d965ccfc6d4b" outcome="Passed" testListId="8c84fa94-04c1-424b-9868-57a2d4851a1d" relativeResultsDirectory="12503a0d-f397-4288-b25d-fa27a73081c2" />
    <UnitTestResult executionId="fa8efadd-054f-460f-a09f-c2b8b2beb793" testId="879f0495-20aa-9930-6bb1-27360c665659" testName="PolyglotSql.Tests.TranspileTests.TestTranspileComplexQuery" computerName="DESKTOP-OV6U4FN" duration="00:00:00.0010592" startTime="2026-07-29T12:33:32.8765872+06:00" endTime="2026-07-29T12:33:32.8765873+06:00" testType="13cdc9d9-ddb5-4fa4-a97d-d965ccfc6d4b" outcome="Passed" testListId="8c84fa94-04c1-424b-9868-57a2d4851a1d" relativeResultsDirectory="fa8efadd-054f-460f-a09f-c2b8b2beb793" />
    <UnitTestResult executionId="1c6fa5b2-869c-461d-8ccc-4b5823721f40" testId="52ec3153-4ed4-804d-a57e-1658bdd31495" testName="PolyglotSql.Tests.DataTypeTests.ParseAndGenBackToItself(input: &quot;VARBINARY(100)&quot;, dialect: MySQL)" computerName="DESKTOP-OV6U4FN" duration="00:00:00.0000708" startTime="2026-07-29T12:33:32.8927890+06:00" endTime="2026-07-29T12:33:32.8927892+06:00" testType="13cdc9d9-ddb5-4fa4-a97d-d965ccfc6d4b" outcome="Passed" testListId="8c84fa94-04c1-424b-9868-57a2d4851a1d" relativeResultsDirectory="1c6fa5b2-869c-461d-8ccc-4b5823721f40" />
    <UnitTestResult executionId="0ab3dbaa-1702-45f1-8d59-a589bf917f84" testId="bda631a3-331b-6bdb-b294-f3c0ca99b7ba" testName="PolyglotSql.Tests.DataTypeTests.ParseAndGenBackToItself(input: &quot;BLOB&quot;, dialect: MySQL)" computerName="DESKTOP-OV6U4FN" duration="00:00:00.0000590" startTime="2026-07-29T12:33:32.8913098+06:00" endTime="2026-07-29T12:33:32.8913100+06:00" testType="13cdc9d9-ddb5-4fa4-a97d-d965ccfc6d4b" outcome="Passed" testListId="8c84fa94-04c1-424b-9868-57a2d4851a1d" relativeResultsDirectory="0ab3dbaa-1702-45f1-8d59-a589bf917f84" />
    <UnitTestResult executionId="8845d79e-2567-41b5-ba7a-454b27e83fee" testId="214c0058-d4f4-d9f0-4180-c6d06ac25c0c" testName="PolyglotSql.Tests.DataTypeTests.ParseAndGenBackToItself(input: &quot;DATETIME2&quot;, dialect: TSQL)" computerName="DESKTOP-OV6U4FN" duration="00:00:00.0000795" startTime="2026-07-29T12:33:32.8871267+06:00" endTime="2026-07-29T12:33:32.8871268+06:00" testType="13cdc9d9-ddb5-4fa4-a97d-d965ccfc6d4b" outcome="Passed" testListId="8c84fa94-04c1-424b-9868-57a2d4851a1d" relativeResultsDirectory="8845d79e-2567-41b5-ba7a-454b27e83fee" />
    <UnitTestResult executionId="63bc32d5-541a-42e9-b150-3b52e3a35cdf" testId="d030179f-22d0-39c3-12c4-c4df440f71ab" testName="PolyglotSql.Tests.DataTypeTests.ParseAndGenBackToItself(input: &quot;FLOAT&quot;, dialect: DuckDB)" computerName="DESKTOP-OV6U4FN" duration="00:00:00.0000827" startTime="2026-07-29T12:33:32.8832505+06:00" endTime="2026-07-29T12:33:32.8832506+06:00" testType="13cdc9d9-ddb5-4fa4-a97d-d965ccfc6d4b" outcome="Passed" testListId="8c84fa94-04c1-424b-9868-57a2d4851a1d" relativeResultsDirectory="63bc32d5-541a-42e9-b150-3b52e3a35cdf" />
    <UnitTestResult executionId="47a48a5b-febf-45f9-a2a3-5be8e7560d3d" testId="f79b1868-0889-1d4d-7102-cdc8e0820cb7" testName="PolyglotSql.Tests.DiffTests.TestDiffIdentical" computerName="DESKTOP-OV6U4FN" duration="00:00:00.0008300" startTime="2026-07-29T12:33:32.8679509+06:00" endTime="2026-07-29T12:33:32.8679511+06:00" testType="13cdc9d9-ddb5-4fa4-a97d-d965ccfc6d4b" outcome="Passed" testListId="8c84fa94-04c1-424b-9868-57a2d4851a1d" relativeResultsDirectory="47a48a5b-febf-45f9-a2a3-5be8e7560d3d" />
    <UnitTestResult executionId="a87ab4f1-ad23-4ec5-8035-be5e73276a92" testId="0d8a8f2b-cdb1-73be-b0d8-42157a3fe935" testName="PolyglotSql.Tests.DataTypeTests.ParseAndGenBackToItself(input: &quot;TEXT&quot;, dialect: DuckDB)" computerName="DESKTOP-OV6U4FN" duration="00:00:00.0000610" startTime="2026-07-29T12:33:32.8911738+06:00" endTime="2026-07-29T12:33:32.8911741+06:00" testType="13cdc9d9-ddb5-4fa4-a97d-d965ccfc6d4b" outcome="Passed" testListId="8c84fa94-04c1-424b-9868-57a2d4851a1d" relativeResultsDirectory="a87ab4f1-ad23-4ec5-8035-be5e73276a92" />
    <UnitTestResult executionId="434c5b1f-47e7-48a0-8f6f-14b5a549bfef" testId="7d39e9f0-e623-19f3-8001-e1e486215d3c" testName="PolyglotSql.Tests.DataTypeTests.ParseAndGenBackToItself(input: &quot;BYTEA&quot;, dialect: PostgreSQL)" computerName="DESKTOP-OV6U4FN" duration="00:00:00.0068983" startTime="2026-07-29T12:33:32.8778174+06:00" endTime="2026-07-29T12:33:32.8778175+06:00" testType="13cdc9d9-ddb5-4fa4-a97d-d965ccfc6d4b" outcome="Passed" testListId="8c84fa94-04c1-424b-9868-57a2d4851a1d" relativeResultsDirectory="434c5b1f-47e7-48a0-8f6f-14b5a549bfef" />
    <UnitTestResult executionId="4883cbfd-b758-42e7-a747-c6bf74200994" testId="633367f2-fa18-9847-bb09-34f77021b5d8" testName="PolyglotSql.Tests.OpenLineageTests.TestOpenLineageRunEvent" computerName="DESKTOP-OV6U4FN" duration="00:00:00.1093207" startTime="2026-07-29T12:33:32.8979342+06:00" endTime="2026-07-29T12:33:32.8979342+06:00" testType="13cdc9d9-ddb5-4fa4-a97d-d965ccfc6d4b" outcome="Passed" testListId="8c84fa94-04c1-424b-9868-57a2d4851a1d" relativeResultsDirectory="4883cbfd-b758-42e7-a747-c6bf74200994" />
    <UnitTestResult executionId="636436cd-29d6-47c9-bc4c-974d47794582" testId="15a6f9c8-f783-13f8-befc-9d0305f06b67" testName="PolyglotSql.Tests.FormatTests.TestFormatBasic" computerName="DESKTOP-OV6U4FN" duration="00:00:00.0520512" startTime="2026-07-29T12:33:32.8765073+06:00" endTime="2026-07-29T12:33:32.8765073+06:00" testType="13cdc9d9-ddb5-4fa4-a97d-d965ccfc6d4b" outcome="Passed" testListId="8c84fa94-04c1-424b-9868-57a2d4851a1d" relativeResultsDirectory="636436cd-29d6-47c9-bc4c-974d47794582" />
    <UnitTestResult executionId="2f3e7e30-7877-44cb-a8b3-ba3ec93a5031" testId="9ce76ad6-9a7e-ebf3-fd75-f1546368c89f" testName="PolyglotSql.Tests.TokenizerTests.TestComplexQuery" computerName="DESKTOP-OV6U4FN" duration="00:00:00.0006507" startTime="2026-07-29T12:33:32.9046760+06:00" endTime="2026-07-29T12:33:32.9046763+06:00" testType="13cdc9d9-ddb5-4fa4-a97d-d965ccfc6d4b" outcome="Passed" testListId="8c84fa94-04c1-424b-9868-57a2d4851a1d" relativeResultsDirectory="2f3e7e30-7877-44cb-a8b3-ba3ec93a5031" />
    <UnitTestResult executionId="92fcc50f-301d-4cdf-87bd-8a30c162fb9a" testId="bc8231ef-f57e-ce69-7fbd-12f68722ac42" testName="PolyglotSql.Tests.TableTests.TestRenameTables" computerName="DESKTOP-OV6U4FN" duration="00:00:00.0641642" startTime="2026-07-29T12:33:32.9380256+06:00" endTime="2026-07-29T12:33:32.9380258+06:00" testType="13cdc9d9-ddb5-4fa4-a97d-d965ccfc6d4b" outcome="Passed" testListId="8c84fa94-04c1-424b-9868-57a2d4851a1d" relativeResultsDirectory="92fcc50f-301d-4cdf-87bd-8a30c162fb9a" />
    <UnitTestResult executionId="5b40bc35-1563-4149-aa9b-df9b1c33e326" testId="cb10ce5b-fb24-c679-fbb7-5394c79ac53a" testName="PolyglotSql.Tests.AstTests.TestAnnotateTypes" computerName="DESKTOP-OV6U4FN" duration="00:00:00.0038232" startTime="2026-07-29T12:33:32.8800933+06:00" endTime="2026-07-29T12:33:32.8800935+06:00" testType="13cdc9d9-ddb5-4fa4-a97d-d965ccfc6d4b" outcome="Passed" testListId="8c84fa94-04c1-424b-9868-57a2d4851a1d" relativeResultsDirectory="5b40bc35-1563-4149-aa9b-df9b1c33e326" />
    <UnitTestResult executionId="5b2c1d9f-58c6-46b9-b1ca-4b530f64bf91" testId="e91c3299-ae0b-659d-f593-2dfc5d0043df" testName="PolyglotSql.Tests.TableTests.TestSourceTablesSimple" computerName="DESKTOP-OV6U4FN" duration="00:00:00.0005911" startTime="2026-07-29T12:33:32.8825923+06:00" endTime="2026-07-29T12:33:32.8825925+06:00" testType="13cdc9d9-ddb5-4fa4-a97d-d965ccfc6d4b" outcome="Passed" testListId="8c84fa94-04c1-424b-9868-57a2d4851a1d" relativeResultsDirectory="5b2c1d9f-58c6-46b9-b1ca-4b530f64bf91" />
    <UnitTestResult executionId="b89e885a-7914-4b41-8315-13b3b43717d8" testId="e170c472-ef59-fade-4ba5-aab42b5f5966" testName="PolyglotSql.Tests.DataTypeTests.TestParseDataTypeArray" computerName="DESKTOP-OV6U4FN" duration="00:00:00.0021829" startTime="2026-07-29T12:33:32.8988091+06:00" endTime="2026-07-29T12:33:32.8988093+06:00" testType="13cdc9d9-ddb5-4fa4-a97d-d965ccfc6d4b" outcome="Passed" testListId="8c84fa94-04c1-424b-9868-57a2d4851a1d" relativeResultsDirectory="b89e885a-7914-4b41-8315-13b3b43717d8" />
    <UnitTestResult executionId="a945b45a-863d-4d2a-bb94-ee32d848788c" testId="4b754b39-7b95-7d7d-5e22-0188d39860fc" testName="PolyglotSql.Tests.DataTypeTests.TestParseDataTypeFloat" computerName="DESKTOP-OV6U4FN" duration="00:00:00.0004206" startTime="2026-07-29T12:33:32.8941507+06:00" endTime="2026-07-29T12:33:32.8941510+06:00" testType="13cdc9d9-ddb5-4fa4-a97d-d965ccfc6d4b" outcome="Passed" testListId="8c84fa94-04c1-424b-9868-57a2d4851a1d" relativeResultsDirectory="a945b45a-863d-4d2a-bb94-ee32d848788c" />
    <UnitTestResult executionId="06b162a0-0ca4-4140-a895-60560be5e333" testId="13f3ca9e-3490-56a2-6c68-3006388b2675" testName="PolyglotSql.Tests.DataTypeTests.ParseAndGenBackToItself(input: &quot;TIME&quot;, dialect: TSQL)" computerName="DESKTOP-OV6U4FN" duration="00:00:00.0014108" startTime="2026-07-29T12:33:32.8816274+06:00" endTime="2026-07-29T12:33:32.8816275+06:00" testType="13cdc9d9-ddb5-4fa4-a97d-d965ccfc6d4b" outcome="Passed" testListId="8c84fa94-04c1-424b-9868-57a2d4851a1d" relativeResultsDirectory="06b162a0-0ca4-4140-a895-60560be5e333" />
    <UnitTestResult executionId="43c56915-210a-44a0-9843-2dcaaaa8c837" testId="c5df0e27-7e16-4601-56d1-09c2d77154bc" testName="PolyglotSql.Tests.DataTypeTests.ParseAndGenBackToItself(input: &quot;UNIQUEIDENTIFIER&quot;, dialect: TSQL)" computerName="DESKTOP-OV6U4FN" duration="00:00:00.0000754" startTime="2026-07-29T12:33:32.8928832+06:00" endTime="2026-07-29T12:33:32.8928833+06:00" testType="13cdc9d9-ddb5-4fa4-a97d-d965ccfc6d4b" outcome="Passed" testListId="8c84fa94-04c1-424b-9868-57a2d4851a1d" relativeResultsDirectory="43c56915-210a-44a0-9843-2dcaaaa8c837" />
    <UnitTestResult executionId="668cfb61-06e3-4e44-afce-80a9837786ba" testId="53678257-c645-9fa5-f29c-1b731403523b" testName="PolyglotSql.Tests.DataTypeTests.ParseAndGenBackToItself(input: &quot;BOOLEAN&quot;, dialect: MySQL)" computerName="DESKTOP-OV6U4FN" duration="00:00:00.0000613" startTime="2026-07-29T12:33:32.8867406+06:00" endTime="2026-07-29T12:33:32.8867407+06:00" testType="13cdc9d9-ddb5-4fa4-a97d-d965ccfc6d4b" outcome="Passed" testListId="8c84fa94-04c1-424b-9868-57a2d4851a1d" relativeResultsDirectory="668cfb61-06e3-4e44-afce-80a9837786ba" />
    <UnitTestResult executionId="00612c84-8ff3-49bf-8ca3-9131726b33ca" testId="abc57ac8-7a23-ff80-c5e1-71c966d0a9b8" testName="PolyglotSql.Tests.TranspileTests.TranspileOptionMaxUnsupported(maxUnsupported: 1, expectTruncated: True)" computerName="DESKTOP-OV6U4FN" duration="00:00:00.0027739" startTime="2026-07-29T12:33:32.8741367+06:00" endTime="2026-07-29T12:33:32.8741367+06:00" testType="13cdc9d9-ddb5-4fa4-a97d-d965ccfc6d4b" outcome="Passed" testListId="8c84fa94-04c1-424b-9868-57a2d4851a1d" relativeResultsDirectory="00612c84-8ff3-49bf-8ca3-9131726b33ca" />
    <UnitTestResult executionId="cc24643a-32a6-4d90-8de4-8cb74d28388e" testId="4688dd9c-26d2-47ea-3230-bcef115eeee6" testName="PolyglotSql.Tests.DataTypeTests.ParseAndGenBackToItself(input: &quot;CHAR(10)&quot;, dialect: Oracle)" computerName="DESKTOP-OV6U4FN" duration="00:00:00.0000724" startTime="2026-07-29T12:33:32.8861310+06:00" endTime="2026-07-29T12:33:32.8861313+06:00" testType="13cdc9d9-ddb5-4fa4-a97d-d965ccfc6d4b" outcome="Passed" testListId="8c84fa94-04c1-424b-9868-57a2d4851a1d" relativeResultsDirectory="cc24643a-32a6-4d90-8de4-8cb74d28388e" />
    <UnitTestResult executionId="11fbe7c4-63eb-4807-a573-9bbb6d170795" testId="7429af28-9e40-b69f-c57b-f149c4edf0f3" testName="PolyglotSql.Tests.DialectTests.TestVersionIsNotEmpty" computerName="DESKTOP-OV6U4FN" duration="00:00:00.0001116" startTime="2026-07-29T12:33:32.8802005+06:00" endTime="2026-07-29T12:33:32.8802005+06:00" testType="13cdc9d9-ddb5-4fa4-a97d-d965ccfc6d4b" outcome="Passed" testListId="8c84fa94-04c1-424b-9868-57a2d4851a1d" relativeResultsDirectory="11fbe7c4-63eb-4807-a573-9bbb6d170795" />
    <UnitTestResult executionId="881e2b35-a2bb-45ab-a4c9-c7a2dbd6f9bc" testId="5406ea6e-1e98-9df4-cbd1-6cd6f7543844" testName="PolyglotSql.Tests.DataTypeTests.ParseAndGenBackToItself(input: &quot;BIGINT&quot;, dialect: DuckDB)" computerName="DESKTOP-OV6U4FN" duration="00:00:00.0000636" startTime="2026-07-29T12:33:32.8916183+06:00" endTime="2026-07-29T12:33:32.8916184+06:00" testType="13cdc9d9-ddb5-4fa4-a97d-d965ccfc6d4b" outcome="Passed" testListId="8c84fa94-04c1-424b-9868-57a2d4851a1d" relativeResultsDirectory="881e2b35-a2bb-45ab-a4c9-c7a2dbd6f9bc" />
    <UnitTestResult executionId="5b3e0292-2028-4b5c-ab6a-44e4da8c2150" testId="d4d5cdb3-ccc8-de34-6847-3746f192914d" testName="PolyglotSql.Tests.TokenizerTests.TestMultiline" computerName="DESKTOP-OV6U4FN" duration="00:00:00.0006214" startTime="2026-07-29T12:33:32.9007339+06:00" endTime="2026-07-29T12:33:32.9007341+06:00" testType="13cdc9d9-ddb5-4fa4-a97d-d965ccfc6d4b" outcome="Passed" testListId="8c84fa94-04c1-424b-9868-57a2d4851a1d" relativeResultsDirectory="5b3e0292-2028-4b5c-ab6a-44e4da8c2150" />
    <UnitTestResult executionId="247982dd-78a2-468e-83d6-28e724a644fa" testId="bc68d702-dce5-1d4b-3c6f-2beba3312d12" testName="PolyglotSql.Tests.DataTypeTests.ParseAndGenBackToItself(input: &quot;SMALLINT&quot;, dialect: DuckDB)" computerName="DESKTOP-OV6U4FN" duration="00:00:00.0014444" startTime="2026-07-29T12:33:32.8809566+06:00" endTime="2026-07-29T12:33:32.8809567+06:00" testType="13cdc9d9-ddb5-4fa4-a97d-d965ccfc6d4b" outcome="Passed" testListId="8c84fa94-04c1-424b-9868-57a2d4851a1d" relativeResultsDirectory="247982dd-78a2-468e-83d6-28e724a644fa" />
    <UnitTestResult executionId="d44127fd-5f9a-422e-9dfa-f2fc8af664eb" testId="bf5dbed8-da6c-4b4e-62f5-c0b2b323c1e7" testName="PolyglotSql.Tests.TranspileTests.TestTranspileWithOptions" computerName="DESKTOP-OV6U4FN" duration="00:00:00.0006498" startTime="2026-07-29T12:33:32.8745479+06:00" endTime="2026-07-29T12:33:32.8745481+06:00" testType="13cdc9d9-ddb5-4fa4-a97d-d965ccfc6d4b" outcome="Passed" testListId="8c84fa94-04c1-424b-9868-57a2d4851a1d" relativeResultsDirectory="d44127fd-5f9a-422e-9dfa-f2fc8af664eb" />
    <UnitTestResult executionId="593d8879-e387-4219-bd4b-e85e3ff4d167" testId="5fedc7ac-2cd2-b39e-3e80-ddd3ad402fb3" testName="PolyglotSql.Tests.DataTypeTests.ParseAndGenBackToItself(input: &quot;DOUBLE&quot;, dialect: DuckDB)" computerName="DESKTOP-OV6U4FN" duration="00:00:00.0023596" startTime="2026-07-29T12:33:32.8803330+06:00" endTime="2026-07-29T12:33:32.8803331+06:00" testType="13cdc9d9-ddb5-4fa4-a97d-d965ccfc6d4b" outcome="Passed" testListId="8c84fa94-04c1-424b-9868-57a2d4851a1d" relativeResultsDirectory="593d8879-e387-4219-bd4b-e85e3ff4d167" />
    <UnitTestResult executionId="077a45e9-b1d4-4314-8319-9b6cab6ebf3e" testId="164e55cf-d90e-212a-be2e-36eda3370e0c" testName="PolyglotSql.Tests.OpenLineageTests.TestOpenLineageJobEvent" computerName="DESKTOP-OV6U4FN" duration="00:00:00.0009345" startTime="2026-07-29T12:33:32.9547808+06:00" endTime="2026-07-29T12:33:32.9547810+06:00" testType="13cdc9d9-ddb5-4fa4-a97d-d965ccfc6d4b" outcome="Passed" testListId="8c84fa94-04c1-424b-9868-57a2d4851a1d" relativeResultsDirectory="077a45e9-b1d4-4314-8319-9b6cab6ebf3e" />
    <UnitTestResult executionId="d2dd5186-78dc-4569-85af-b2a1549e62c7" testId="aa0e84e0-4d77-1121-8caa-24e03ddd70dc" testName="PolyglotSql.Tests.DataTypeTests.TestGenerateDataTypeInt" computerName="DESKTOP-OV6U4FN" duration="00:00:00.0005104" startTime="2026-07-29T12:33:32.8932005+06:00" endTime="2026-07-29T12:33:32.8932006+06:00" testType="13cdc9d9-ddb5-4fa4-a97d-d965ccfc6d4b" outcome="Passed" testListId="8c84fa94-04c1-424b-9868-57a2d4851a1d" relativeResultsDirectory="d2dd5186-78dc-4569-85af-b2a1549e62c7" />
    <UnitTestResult executionId="0fab9583-b012-4bac-be84-2c10340bb808" testId="9e0429c7-1521-eed9-9b88-2aca4f882648" testName="PolyglotSql.Tests.TokenizerTests.TestComments" computerName="DESKTOP-OV6U4FN" duration="00:00:00.0005820" startTime="2026-07-29T12:33:32.8978179+06:00" endTime="2026-07-29T12:33:32.8978182+06:00" testType="13cdc9d9-ddb5-4fa4-a97d-d965ccfc6d4b" outcome="Passed" testListId="8c84fa94-04c1-424b-9868-57a2d4851a1d" relativeResultsDirectory="0fab9583-b012-4bac-be84-2c10340bb808" />
    <UnitTestResult executionId="75713a7c-9b4d-48ad-8620-e07379cbe6a0" testId="5703d16d-8b38-ae54-47a9-9b19e3e428a5" testName="PolyglotSql.Tests.AstTests.TestParseSelectWithColumns" computerName="DESKTOP-OV6U4FN" duration="00:00:00.0008971" startTime="2026-07-29T12:33:32.8789705+06:00" endTime="2026-07-29T12:33:32.8789710+06:00" testType="13cdc9d9-ddb5-4fa4-a97d-d965ccfc6d4b" outcome="Passed" testListId="8c84fa94-04c1-424b-9868-57a2d4851a1d" relativeResultsDirectory="75713a7c-9b4d-48ad-8620-e07379cbe6a0" />
    <UnitTestResult executionId="58ab3860-7d6b-4d94-9373-03cbcc39204e" testId="172149c7-0419-4e68-26f8-120367273ed2" testName="PolyglotSql.Tests.LineageTests.TestLineageDerivedColumn" computerName="DESKTOP-OV6U4FN" duration="00:00:00.0014626" startTime="2026-07-29T12:33:32.8686287+06:00" endTime="2026-07-29T12:33:32.8686287+06:00" testType="13cdc9d9-ddb5-4fa4-a97d-d965ccfc6d4b" outcome="Passed" testListId="8c84fa94-04c1-424b-9868-57a2d4851a1d" relativeResultsDirectory="58ab3860-7d6b-4d94-9373-03cbcc39204e" />
    <UnitTestResult executionId="02cc4152-6432-4673-bebf-d20f32e35898" testId="5e317108-289d-d716-686d-cf083e1b2e46" testName="PolyglotSql.Tests.DataTypeTests.ParseAndGenBackToItself(input: &quot;DATE&quot;, dialect: MySQL)" computerName="DESKTOP-OV6U4FN" duration="00:00:00.0006625" startTime="2026-07-29T12:33:32.8729734+06:00" endTime="2026-07-29T12:33:32.8729735+06:00" testType="13cdc9d9-ddb5-4fa4-a97d-d965ccfc6d4b" outcome="Passed" testListId="8c84fa94-04c1-424b-9868-57a2d4851a1d" relativeResultsDirectory="02cc4152-6432-4673-bebf-d20f32e35898" />
    <UnitTestResult executionId="973180cd-7beb-44ca-95b9-23530b33b68a" testId="8e43a126-e500-9766-f515-61d11c54d7ea" testName="PolyglotSql.Tests.DataTypeTests.ParseAndGenBackToItself(input: &quot;VARCHAR2(255)&quot;, dialect: Oracle)" computerName="DESKTOP-OV6U4FN" duration="00:00:00.0285194" startTime="2026-07-29T12:33:32.8711694+06:00" endTime="2026-07-29T12:33:32.8711696+06:00" testType="13cdc9d9-ddb5-4fa4-a97d-d965ccfc6d4b" outcome="Passed" testListId="8c84fa94-04c1-424b-9868-57a2d4851a1d" relativeResultsDirectory="973180cd-7beb-44ca-95b9-23530b33b68a" />
    <UnitTestResult executionId="3b23ae6c-4951-429a-a978-797d4dae9ea3" testId="51262f6f-aa74-9afb-665e-c4eeaeb75315" testName="PolyglotSql.Tests.DataTypeTests.ParseAndGenBackToItself(input: &quot;JSONB&quot;, dialect: PostgreSQL)" computerName="DESKTOP-OV6U4FN" duration="00:00:00.0014313" startTime="2026-07-29T12:33:32.8831034+06:00" endTime="2026-07-29T12:33:32.8831035+06:00" testType="13cdc9d9-ddb5-4fa4-a97d-d965ccfc6d4b" outcome="Passed" testListId="8c84fa94-04c1-424b-9868-57a2d4851a1d" relativeResultsDirectory="3b23ae6c-4951-429a-a978-797d4dae9ea3" />
    <UnitTestResult executionId="0e274191-4666-48cc-9a0d-87e50de00b86" testId="1885f5db-2e32-2667-93fc-aa05e6c065b0" testName="PolyglotSql.Tests.DataTypeTests.ParseAndGenBackToItself(input: &quot;VARBINARY(100)&quot;, dialect: TSQL)" computerName="DESKTOP-OV6U4FN" duration="00:00:00.0000699" startTime="2026-07-29T12:33:32.8916982+06:00" endTime="2026-07-29T12:33:32.8916983+06:00" testType="13cdc9d9-ddb5-4fa4-a97d-d965ccfc6d4b" outcome="Passed" testListId="8c84fa94-04c1-424b-9868-57a2d4851a1d" relativeResultsDirectory="0e274191-4666-48cc-9a0d-87e50de00b86" />
    <UnitTestResult executionId="0a1cb7bf-cda8-4d0a-9d97-e7a9f4e5e0f8" testId="b9dab11b-45f6-2439-3eda-620d9bb73489" testName="PolyglotSql.Tests.DiffTests.TestDiffWithDialect" computerName="DESKTOP-OV6U4FN" duration="00:00:00.0010440" startTime="2026-07-29T12:33:32.8685452+06:00" endTime="2026-07-29T12:33:32.8685453+06:00" testType="13cdc9d9-ddb5-4fa4-a97d-d965ccfc6d4b" outcome="Passed" testListId="8c84fa94-04c1-424b-9868-57a2d4851a1d" relativeResultsDirectory="0a1cb7bf-cda8-4d0a-9d97-e7a9f4e5e0f8" />
    <UnitTestResult executionId="24fddf52-e4f2-45a0-919e-7fa712672547" testId="1c605bba-c79f-3b4d-0655-03ed936009e5" testName="PolyglotSql.Tests.DataTypeTests.ParseAndGenBackToItself(input: &quot;TIMESTAMP&quot;, dialect: DuckDB)" computerName="DESKTOP-OV6U4FN" duration="00:00:00.0000654" startTime="2026-07-29T12:33:32.8848510+06:00" endTime="2026-07-29T12:33:32.8848511+06:00" testType="13cdc9d9-ddb5-4fa4-a97d-d965ccfc6d4b" outcome="Passed" testListId="8c84fa94-04c1-424b-9868-57a2d4851a1d" relativeResultsDirectory="24fddf52-e4f2-45a0-919e-7fa712672547" />
    <UnitTestResult executionId="78362c47-40a0-48e5-9296-81108d65521a" testId="00a20594-483f-f2fd-35b4-14ad2083c136" testName="PolyglotSql.Tests.DataTypeTests.ParseAndGenBackToItself(input: &quot;DOUBLE PRECISION&quot;, dialect: PostgreSQL)" computerName="DESKTOP-OV6U4FN" duration="00:00:00.0000653" startTime="2026-07-29T12:33:32.8847078+06:00" endTime="2026-07-29T12:33:32.8847078+06:00" testType="13cdc9d9-ddb5-4fa4-a97d-d965ccfc6d4b" outcome="Passed" testListId="8c84fa94-04c1-424b-9868-57a2d4851a1d" relativeResultsDirectory="78362c47-40a0-48e5-9296-81108d65521a" />
    <UnitTestResult executionId="e957846d-f07b-4cd6-b07d-3cc71aad2bff" testId="efe8dcfc-7734-8f4a-5a8e-3e97b762361a" testName="PolyglotSql.Tests.DataTypeTests.ParseAndGenBackToItself(input: &quot;VARCHAR(255)&quot;, dialect: MySQL)" computerName="DESKTOP-OV6U4FN" duration="00:00:00.0000768" startTime="2026-07-29T12:33:32.8865289+06:00" endTime="2026-07-29T12:33:32.8865290+06:00" testType="13cdc9d9-ddb5-4fa4-a97d-d965ccfc6d4b" outcome="Passed" testListId="8c84fa94-04c1-424b-9868-57a2d4851a1d" relativeResultsDirectory="e957846d-f07b-4cd6-b07d-3cc71aad2bff" />
    <UnitTestResult executionId="f921f689-f553-4503-b9a0-9b1cc0d328ef" testId="0b3fcf87-dc82-992c-dfb4-a04797612860" testName="PolyglotSql.Tests.DataTypeTests.ParseAndGenBackToItself(input: &quot;SMALLINT&quot;, dialect: PostgreSQL)" computerName="DESKTOP-OV6U4FN" duration="00:00:00.0000795" startTime="2026-07-29T12:33:32.8840631+06:00" endTime="2026-07-29T12:33:32.8840632+06:00" testType="13cdc9d9-ddb5-4fa4-a97d-d965ccfc6d4b" outcome="Passed" testListId="8c84fa94-04c1-424b-9868-57a2d4851a1d" relativeResultsDirectory="f921f689-f553-4503-b9a0-9b1cc0d328ef" />
    <UnitTestResult executionId="469e7821-2224-4391-9825-082d414801bf" testId="79f715a1-491e-a3b6-656a-711fd7f4fc05" testName="PolyglotSql.Tests.OtherTests.TestValidateValid" computerName="DESKTOP-OV6U4FN" duration="00:00:00.0004988" startTime="2026-07-29T12:33:32.8714944+06:00" endTime="2026-07-29T12:33:32.8714945+06:00" testType="13cdc9d9-ddb5-4fa4-a97d-d965ccfc6d4b" outcome="Passed" testListId="8c84fa94-04c1-424b-9868-57a2d4851a1d" relativeResultsDirectory="469e7821-2224-4391-9825-082d414801bf" />
    <UnitTestResult executionId="f94bb04c-3202-4501-812b-7017927022fd" testId="44a96fc2-8772-0dac-0fcc-7deb5dfc43fb" testName="PolyglotSql.Tests.TokenizerTests.TestSpaceKeywords" computerName="DESKTOP-OV6U4FN" duration="00:00:00.0004846" startTime="2026-07-29T12:33:32.8999832+06:00" endTime="2026-07-29T12:33:32.8999833+06:00" testType="13cdc9d9-ddb5-4fa4-a97d-d965ccfc6d4b" outcome="Passed" testListId="8c84fa94-04c1-424b-9868-57a2d4851a1d" relativeResultsDirectory="f94bb04c-3202-4501-812b-7017927022fd" />
    <UnitTestResult executionId="5d0840e3-e98d-4221-81aa-01aa8ab52627" testId="12c6bc4e-9073-f8a5-841b-8d9273f8256e" testName="PolyglotSql.Tests.DataTypeTests.ParseAndGenBackToItself(input: &quot;BLOB&quot;, dialect: SQLite)" computerName="DESKTOP-OV6U4FN" duration="00:00:00.0012417" startTime="2026-07-29T12:33:32.8712840+06:00" endTime="2026-07-29T12:33:32.8712840+06:00" testType="13cdc9d9-ddb5-4fa4-a97d-d965ccfc6d4b" outcome="Passed" testListId="8c84fa94-04c1-424b-9868-57a2d4851a1d" relativeResultsDirectory="5d0840e3-e98d-4221-81aa-01aa8ab52627" />
    <UnitTestResult executionId="88c44c14-b882-4621-ac9f-edb646481781" testId="bba1517b-84ee-b16b-14ce-2e5f261a40a9" testName="PolyglotSql.Tests.DataTypeTests.ParseAndGenBackToItself(input: &quot;NUMBER(10, 2)&quot;, dialect: Oracle)" computerName="DESKTOP-OV6U4FN" duration="00:00:00.0003343" startTime="2026-07-29T12:33:32.8828143+06:00" endTime="2026-07-29T12:33:32.8828145+06:00" testType="13cdc9d9-ddb5-4fa4-a97d-d965ccfc6d4b" outcome="Passed" testListId="8c84fa94-04c1-424b-9868-57a2d4851a1d" relativeResultsDirectory="88c44c14-b882-4621-ac9f-edb646481781" />
    <UnitTestResult executionId="7f8dfc09-4b3f-4f4f-b653-31618c2eebac" testId="adb47503-1cc9-e056-b4d5-fea002442d86" testName="PolyglotSql.Tests.DataTypeTests.TestParseDataTypeUnion" computerName="DESKTOP-OV6U4FN" duration="00:00:00.0039232" startTime="2026-07-29T12:33:32.9028728+06:00" endTime="2026-07-29T12:33:32.9028733+06:00" testType="13cdc9d9-ddb5-4fa4-a97d-d965ccfc6d4b" outcome="Passed" testListId="8c84fa94-04c1-424b-9868-57a2d4851a1d" relativeResultsDirectory="7f8dfc09-4b3f-4f4f-b653-31618c2eebac" />
    <UnitTestResult executionId="cc1132da-c136-4eac-8f61-3b0e9b4e52a6" testId="880d3077-8853-8d9f-8411-90ed7d5d124b" testName="PolyglotSql.Tests.DataTypeTests.ParseAndGenBackToItself(input: &quot;JSON&quot;, dialect: MySQL)" computerName="DESKTOP-OV6U4FN" duration="00:00:00.0011482" startTime="2026-07-29T12:33:32.8791031+06:00" endTime="2026-07-29T12:33:32.8791032+06:00" testType="13cdc9d9-ddb5-4fa4-a97d-d965ccfc6d4b" outcome="Passed" testListId="8c84fa94-04c1-424b-9868-57a2d4851a1d" relativeResultsDirectory="cc1132da-c136-4eac-8f61-3b0e9b4e52a6" />
    <UnitTestResult executionId="68f07a2f-3960-4f4c-91e0-cbfa7e88321f" testId="16230bc3-f57e-4383-e1e7-e79c5fd66fbf" testName="PolyglotSql.Tests.DataTypeTests.ParseAndGenBackToItself(input: &quot;BLOB&quot;, dialect: Generic)" computerName="DESKTOP-OV6U4FN" duration="00:00:00.0000550" startTime="2026-07-29T12:33:32.8902098+06:00" endTime="2026-07-29T12:33:32.8902099+06:00" testType="13cdc9d9-ddb5-4fa4-a97d-d965ccfc6d4b" outcome="Passed" testListId="8c84fa94-04c1-424b-9868-57a2d4851a1d" relativeResultsDirectory="68f07a2f-3960-4f4c-91e0-cbfa7e88321f" />
    <UnitTestResult executionId="3bd75f3c-4bd8-40fd-9798-bf4009706ea7" testId="73e6cc78-993f-6145-ab1e-daaefe53e52d" testName="PolyglotSql.Tests.DataTypeTests.TestParseDataTypeInteger" computerName="DESKTOP-OV6U4FN" duration="00:00:00.0019344" startTime="2026-07-29T12:33:32.8962449+06:00" endTime="2026-07-29T12:33:32.8962452+06:00" testType="13cdc9d9-ddb5-4fa4-a97d-d965ccfc6d4b" outcome="Passed" testListId="8c84fa94-04c1-424b-9868-57a2d4851a1d" relativeResultsDirectory="3bd75f3c-4bd8-40fd-9798-bf4009706ea7" />
    <UnitTestResult executionId="8b918304-5a4b-4530-b0aa-3330d628f2f1" testId="de90e434-d2f1-a833-e179-bbbb38d6ca19" testName="PolyglotSql.Tests.DataTypeTests.ParseAndGenBackToItself(input: &quot;REAL&quot;, dialect: TSQL)" computerName="DESKTOP-OV6U4FN" duration="00:00:00.0126437" startTime="2026-07-29T12:33:32.8727428+06:00" endTime="2026-07-29T12:33:32.8727429+06:00" testType="13cdc9d9-ddb5-4fa4-a97d-d965ccfc6d4b" outcome="Passed" testListId="8c84fa94-04c1-424b-9868-57a2d4851a1d" relativeResultsDirectory="8b918304-5a4b-4530-b0aa-3330d628f2f1" />
    <UnitTestResult executionId="dadbf41d-e891-423a-b369-5485666e68b0" testId="68b33876-becb-d305-bcf2-9207c21d036e" testName="PolyglotSql.Tests.DataTypeTests.ParseAndGenBackToItself(input: &quot;INT&quot;, dialect: Generic)" computerName="DESKTOP-OV6U4FN" duration="00:00:00.0000673" startTime="2026-07-29T12:33:32.8913768+06:00" endTime="2026-07-29T12:33:32.8913769+06:00" testType="13cdc9d9-ddb5-4fa4-a97d-d965ccfc6d4b" outcome="Passed" testListId="8c84fa94-04c1-424b-9868-57a2d4851a1d" relativeResultsDirectory="dadbf41d-e891-423a-b369-5485666e68b0" />
    <UnitTestResult executionId="c7520b3b-9904-4aa1-9525-b3ceefb4072a" testId="ad2f4235-18c5-fb9b-8711-df09099f05b5" testName="PolyglotSql.Tests.OtherTests.TestVersionInfo" computerName="DESKTOP-OV6U4FN" duration="00:00:00.0011087" startTime="2026-07-29T12:33:32.8726435+06:00" endTime="2026-07-29T12:33:32.8726436+06:00" testType="13cdc9d9-ddb5-4fa4-a97d-d965ccfc6d4b" outcome="Passed" testListId="8c84fa94-04c1-424b-9868-57a2d4851a1d" relativeResultsDirectory="c7520b3b-9904-4aa1-9525-b3ceefb4072a" />
    <UnitTestResult executionId="73381935-5792-4e3f-9ff7-88e71d3d6696" testId="96ae1de8-5210-0416-a554-9b82e9279052" testName="PolyglotSql.Tests.DataTypeTests.TestParseDataTypeBoolean" computerName="DESKTOP-OV6U4FN" duration="00:00:00.0007041" startTime="2026-07-29T12:33:32.8930460+06:00" endTime="2026-07-29T12:33:32.8930461+06:00" testType="13cdc9d9-ddb5-4fa4-a97d-d965ccfc6d4b" outcome="Passed" testListId="8c84fa94-04c1-424b-9868-57a2d4851a1d" relativeResultsDirectory="73381935-5792-4e3f-9ff7-88e71d3d6696" />
    <UnitTestResult executionId="ea19988d-2e4b-4648-bcc6-88d96ba5bd39" testId="e3fbe447-7888-c1a1-a33d-d5366d287fa6" testName="PolyglotSql.Tests.DataTypeTests.ParseAndGenBackToItself(input: &quot;TIME&quot;, dialect: PostgreSQL)" computerName="DESKTOP-OV6U4FN" duration="00:00:00.0000576" startTime="2026-07-29T12:33:32.8849152+06:00" endTime="2026-07-29T12:33:32.8849152+06:00" testType="13cdc9d9-ddb5-4fa4-a97d-d965ccfc6d4b" outcome="Passed" testListId="8c84fa94-04c1-424b-9868-57a2d4851a1d" relativeResultsDirectory="ea19988d-2e4b-4648-bcc6-88d96ba5bd39" />
    <UnitTestResult executionId="12f723f3-0fb9-493f-977b-a65bff0b6302" testId="fb74962e-052c-2ce8-29c2-df00362740ce" testName="PolyglotSql.Tests.TokenizerTests.TestSelectOne" computerName="DESKTOP-OV6U4FN" duration="00:00:00.0002802" startTime="2026-07-29T12:33:32.9023364+06:00" endTime="2026-07-29T12:33:32.9023366+06:00" testType="13cdc9d9-ddb5-4fa4-a97d-d965ccfc6d4b" outcome="Passed" testListId="8c84fa94-04c1-424b-9868-57a2d4851a1d" relativeResultsDirectory="12f723f3-0fb9-493f-977b-a65bff0b6302" />
    <UnitTestResult executionId="7d48f2fe-ac46-4036-829f-3b8291e74d4d" testId="d2c6a36a-ffe6-35e0-75c8-d8c4c9c3d192" testName="PolyglotSql.Tests.DataTypeTests.ParseAndGenBackToItself(input: &quot;SMALLDATETIME&quot;, dialect: TSQL)" computerName="DESKTOP-OV6U4FN" duration="00:00:00.0000545" startTime="2026-07-29T12:33:32.8848843+06:00" endTime="2026-07-29T12:33:32.8848844+06:00" testType="13cdc9d9-ddb5-4fa4-a97d-d965ccfc6d4b" outcome="Passed" testListId="8c84fa94-04c1-424b-9868-57a2d4851a1d" relativeResultsDirectory="7d48f2fe-ac46-4036-829f-3b8291e74d4d" />
    <UnitTestResult executionId="fbbfcca4-8b2d-41de-b298-b61cbc12a456" testId="d54bc50b-9c93-93a8-86cc-a0223ef1a9a6" testName="PolyglotSql.Tests.DataTypeTests.ParseAndGenBackToItself(input: &quot;DATETIME&quot;, dialect: MySQL)" computerName="DESKTOP-OV6U4FN" duration="00:00:00.0000602" startTime="2026-07-29T12:33:32.8740408+06:00" endTime="2026-07-29T12:33:32.8740412+06:00" testType="13cdc9d9-ddb5-4fa4-a97d-d965ccfc6d4b" outcome="Passed" testListId="8c84fa94-04c1-424b-9868-57a2d4851a1d" relativeResultsDirectory="fbbfcca4-8b2d-41de-b298-b61cbc12a456" />
    <UnitTestResult executionId="a9bc8dae-a1bb-4783-8dd5-9576aca1d8f2" testId="17231e6e-75fb-5ba6-fc1e-5869a118e8f9" testName="PolyglotSql.Tests.DataTypeTests.ParseAndGenBackToItself(input: &quot;TIME&quot;, dialect: MySQL)" computerName="DESKTOP-OV6U4FN" duration="00:00:00.0000841" startTime="2026-07-29T12:33:32.8929592+06:00" endTime="2026-07-29T12:33:32.8929593+06:00" testType="13cdc9d9-ddb5-4fa4-a97d-d965ccfc6d4b" outcome="Passed" testListId="8c84fa94-04c1-424b-9868-57a2d4851a1d" relativeResultsDirectory="a9bc8dae-a1bb-4783-8dd5-9576aca1d8f2" />
    <UnitTestResult executionId="786a8c9f-4a4c-4b66-8ffa-d77289898b41" testId="6387ff30-b04a-5c0d-8216-68aa48086459" testName="PolyglotSql.Tests.DataTypeTests.ParseAndGenBackToItself(input: &quot;BINARY(16)&quot;, dialect: Generic)" computerName="DESKTOP-OV6U4FN" duration="00:00:00.0000769" startTime="2026-07-29T12:33:32.8847870+06:00" endTime="2026-07-29T12:33:32.8847870+06:00" testType="13cdc9d9-ddb5-4fa4-a97d-d965ccfc6d4b" outcome="Passed" testListId="8c84fa94-04c1-424b-9868-57a2d4851a1d" relativeResultsDirectory="786a8c9f-4a4c-4b66-8ffa-d77289898b41" />
    <UnitTestResult executionId="f0b39dcc-2625-4905-bfb5-17e31beee58e" testId="ece0e832-741d-9882-55a6-cdaf762d6da4" testName="PolyglotSql.Tests.DataTypeTests.ParseAndGenBackToItself(input: &quot;VARBINARY(100)&quot;, dialect: Generic)" computerName="DESKTOP-OV6U4FN" duration="00:00:00.0000718" startTime="2026-07-29T12:33:32.8902744+06:00" endTime="2026-07-29T12:33:32.8902745+06:00" testType="13cdc9d9-ddb5-4fa4-a97d-d965ccfc6d4b" outcome="Passed" testListId="8c84fa94-04c1-424b-9868-57a2d4851a1d" relativeResultsDirectory="f0b39dcc-2625-4905-bfb5-17e31beee58e" />
    <UnitTestResult executionId="7d802c76-7801-49db-b01b-53147821007a" testId="3c525fea-bcaa-b5c1-2377-fe033ca8dfb5" testName="PolyglotSql.Tests.LineageTests.TestLineageSimple" computerName="DESKTOP-OV6U4FN" duration="00:00:00.0005620" startTime="2026-07-29T12:33:32.8684702+06:00" endTime="2026-07-29T12:33:32.8684703+06:00" testType="13cdc9d9-ddb5-4fa4-a97d-d965ccfc6d4b" outcome="Passed" testListId="8c84fa94-04c1-424b-9868-57a2d4851a1d" relativeResultsDirectory="7d802c76-7801-49db-b01b-53147821007a" />
    <UnitTestResult executionId="815da091-aa92-4224-94d5-feb87f6648d3" testId="85b88b23-d54b-f7a0-ff76-a1c9ac4ed381" testName="PolyglotSql.Tests.TokenizerTests.TestRawJsonError" computerName="DESKTOP-OV6U4FN" duration="00:00:00.0002716" startTime="2026-07-29T12:33:32.8998378+06:00" endTime="2026-07-29T12:33:32.8998380+06:00" testType="13cdc9d9-ddb5-4fa4-a97d-d965ccfc6d4b" outcome="Passed" testListId="8c84fa94-04c1-424b-9868-57a2d4851a1d" relativeResultsDirectory="815da091-aa92-4224-94d5-feb87f6648d3" />
    <UnitTestResult executionId="7255390d-56bc-49e0-9dad-6ed37af91853" testId="6f0f408a-e89a-4c7e-0e4d-e01463b7afb7" testName="PolyglotSql.Tests.FormatTests.TestFormatWithOptions" computerName="DESKTOP-OV6U4FN" duration="00:00:00.0127854" startTime="2026-07-29T12:33:32.8781959+06:00" endTime="2026-07-29T12:33:32.8781960+06:00" testType="13cdc9d9-ddb5-4fa4-a97d-d965ccfc6d4b" outcome="Passed" testListId="8c84fa94-04c1-424b-9868-57a2d4851a1d" relativeResultsDirectory="7255390d-56bc-49e0-9dad-6ed37af91853" />
    <UnitTestResult executionId="f9fd19ab-7289-46e1-a674-9929e6c6d92e" testId="d3effc03-5de5-d6b7-ff1f-fbe95139e5de" testName="PolyglotSql.Tests.DataTypeTests.ParseAndGenBackToItself(input: &quot;BOOLEAN&quot;, dialect: Generic)" computerName="DESKTOP-OV6U4FN" duration="00:00:00.0000629" startTime="2026-07-29T12:33:32.8833081+06:00" endTime="2026-07-29T12:33:32.8833082+06:00" testType="13cdc9d9-ddb5-4fa4-a97d-d965ccfc6d4b" outcome="Passed" testListId="8c84fa94-04c1-424b-9868-57a2d4851a1d" relativeResultsDirectory="f9fd19ab-7289-46e1-a674-9929e6c6d92e" />
    <UnitTestResult executionId="f85b6281-bef2-4a52-b0e7-d1bfe7534dee" testId="9dcb2045-3f02-9299-5a41-b6d37437b7f9" testName="PolyglotSql.Tests.TableTests.TestSourceTablesDerivedColumn" computerName="DESKTOP-OV6U4FN" duration="00:00:00.0241678" startTime="2026-07-29T12:33:32.8685844+06:00" endTime="2026-07-29T12:33:32.8685844+06:00" testType="13cdc9d9-ddb5-4fa4-a97d-d965ccfc6d4b" outcome="Passed" testListId="8c84fa94-04c1-424b-9868-57a2d4851a1d" relativeResultsDirectory="f85b6281-bef2-4a52-b0e7-d1bfe7534dee" />
    <UnitTestResult executionId="a874124b-b926-48ed-a0ee-fcf39fe3dcb2" testId="f0443d56-2be5-fb6b-e958-1ee42fa4ddeb" testName="PolyglotSql.Tests.TranspileTests.TranspileOptionPretty(pretty: False, expectMultiline: False)" computerName="DESKTOP-OV6U4FN" duration="00:00:00.0006743" startTime="2026-07-29T12:33:32.8766659+06:00" endTime="2026-07-29T12:33:32.8766660+06:00" testType="13cdc9d9-ddb5-4fa4-a97d-d965ccfc6d4b" outcome="Passed" testListId="8c84fa94-04c1-424b-9868-57a2d4851a1d" relativeResultsDirectory="a874124b-b926-48ed-a0ee-fcf39fe3dcb2" />
    <UnitTestResult executionId="d073f656-8555-4d4d-a282-8635216ac5ee" testId="7346c88e-79f4-a86d-7f69-5cd0344b0b38" testName="PolyglotSql.Tests.DataTypeTests.ParseAndGenBackToItself(input: &quot;TEXT&quot;, dialect: MySQL)" computerName="DESKTOP-OV6U4FN" duration="00:00:00.0000612" startTime="2026-07-29T12:33:32.8895402+06:00" endTime="2026-07-29T12:33:32.8895404+06:00" testType="13cdc9d9-ddb5-4fa4-a97d-d965ccfc6d4b" outcome="Passed" testListId="8c84fa94-04c1-424b-9868-57a2d4851a1d" relativeResultsDirectory="d073f656-8555-4d4d-a282-8635216ac5ee" />
    <UnitTestResult executionId="4df4ae3c-8856-4888-85b4-9060b67479e3" testId="0c9e500e-d86d-a1ce-ead1-cba10d77c035" testName="PolyglotSql.Tests.TranspileTests.TestTranspileDialectConversion" computerName="DESKTOP-OV6U4FN" duration="00:00:00.0006974" startTime="2026-07-29T12:33:32.8763901+06:00" endTime="2026-07-29T12:33:32.8763902+06:00" testType="13cdc9d9-ddb5-4fa4-a97d-d965ccfc6d4b" outcome="Passed" testListId="8c84fa94-04c1-424b-9868-57a2d4851a1d" relativeResultsDirectory="4df4ae3c-8856-4888-85b4-9060b67479e3" />
    <UnitTestResult executionId="5c081ef1-31cc-4d75-803d-6d0f5afb8ad4" testId="2f54e364-59fa-3c78-9c39-3b4631bc5719" testName="PolyglotSql.Tests.DataTypeTests.ParseAndGenBackToItself(input: &quot;VARCHAR(255)&quot;, dialect: PostgreSQL)" computerName="DESKTOP-OV6U4FN" duration="00:00:00.0000880" startTime="2026-07-29T12:33:32.8841239+06:00" endTime="2026-07-29T12:33:32.8841240+06:00" testType="13cdc9d9-ddb5-4fa4-a97d-d965ccfc6d4b" outcome="Passed" testListId="8c84fa94-04c1-424b-9868-57a2d4851a1d" relativeResultsDirectory="5c081ef1-31cc-4d75-803d-6d0f5afb8ad4" />
    <UnitTestResult executionId="ce57054a-2cce-447b-bbcd-bd1c935dd44b" testId="cc50d7a6-1fb3-7dc1-0a03-bb7ae412f56d" testName="PolyglotSql.Tests.DialectTests.TestDialectCountMatchesEnum" computerName="DESKTOP-OV6U4FN" duration="00:00:00.0002294" startTime="2026-07-29T12:33:32.8802466+06:00" endTime="2026-07-29T12:33:32.8802466+06:00" testType="13cdc9d9-ddb5-4fa4-a97d-d965ccfc6d4b" outcome="Passed" testListId="8c84fa94-04c1-424b-9868-57a2d4851a1d" relativeResultsDirectory="ce57054a-2cce-447b-bbcd-bd1c935dd44b" />
    <UnitTestResult executionId="4ca20ab8-2ccd-41a5-9206-d0325c8b7ea8" testId="473932ac-3e58-e986-8cd0-7a7ffb858ca6" testName="PolyglotSql.Tests.DataTypeTests.ParseAndGenBackToItself(input: &quot;BIGINT&quot;, dialect: PostgreSQL)" computerName="DESKTOP-OV6U4FN" duration="00:00:00.0018772" startTime="2026-07-29T12:33:32.8840021+06:00" endTime="2026-07-29T12:33:32.8840021+06:00" testType="13cdc9d9-ddb5-4fa4-a97d-d965ccfc6d4b" outcome="Passed" testListId="8c84fa94-04c1-424b-9868-57a2d4851a1d" relativeResultsDirectory="4ca20ab8-2ccd-41a5-9206-d0325c8b7ea8" />
    <UnitTestResult executionId="03792a6b-b25a-4a6d-be6c-6b57ebaa188a" testId="ff6c7379-4c59-567f-491f-55d5d90d84a7" testName="PolyglotSql.Tests.DataTypeTests.ParseAndGenBackToItself(input: &quot;CHAR(10)&quot;, dialect: TSQL)" computerName="DESKTOP-OV6U4FN" duration="00:00:00.0021038" startTime="2026-07-29T12:33:32.8810206+06:00" endTime="2026-07-29T12:33:32.8810206+06:00" testType="13cdc9d9-ddb5-4fa4-a97d-d965ccfc6d4b" outcome="Passed" testListId="8c84fa94-04c1-424b-9868-57a2d4851a1d" relativeResultsDirectory="03792a6b-b25a-4a6d-be6c-6b57ebaa188a" />
    <UnitTestResult executionId="d52969ea-3782-4f50-ab7e-88cd96801bae" testId="63573f2a-db48-e46b-658a-1617c5b9a861" testName="PolyglotSql.Tests.OtherTests.TestAnalyzeQuery" computerName="DESKTOP-OV6U4FN" duration="00:00:00.1172393" startTime="2026-07-29T12:33:32.9483085+06:00" endTime="2026-07-29T12:33:32.9483088+06:00" testType="13cdc9d9-ddb5-4fa4-a97d-d965ccfc6d4b" outcome="Passed" testListId="8c84fa94-04c1-424b-9868-57a2d4851a1d" relativeResultsDirectory="d52969ea-3782-4f50-ab7e-88cd96801bae" />
    <UnitTestResult executionId="417a5013-52a8-4588-93b5-ebe8d6404a94" testId="5acc88de-85dd-26f1-3588-b38addd6e8af" testName="PolyglotSql.Tests.DataTypeTests.ParseAndGenBackToItself(input: &quot;TIMESTAMP&quot;, dialect: Oracle)" computerName="DESKTOP-OV6U4FN" duration="00:00:00.0017405" startTime="2026-07-29T12:33:32.8743957+06:00" endTime="2026-07-29T12:33:32.8743958+06:00" testType="13cdc9d9-ddb5-4fa4-a97d-d965ccfc6d4b" outcome="Passed" testListId="8c84fa94-04c1-424b-9868-57a2d4851a1d" relativeResultsDirectory="417a5013-52a8-4588-93b5-ebe8d6404a94" />
    <UnitTestResult executionId="a60b9558-1853-49b9-8ad9-c72757f37424" testId="0444dada-4ba4-6044-11bc-390ed9708080" testName="PolyglotSql.Tests.DataTypeTests.ParseAndGenBackToItself(input: &quot;CHAR(10)&quot;, dialect: MySQL)" computerName="DESKTOP-OV6U4FN" duration="00:00:00.0000866" startTime="2026-07-29T12:33:32.8838917+06:00" endTime="2026-07-29T12:33:32.8838917+06:00" testType="13cdc9d9-ddb5-4fa4-a97d-d965ccfc6d4b" outcome="Passed" testListId="8c84fa94-04c1-424b-9868-57a2d4851a1d" relativeResultsDirectory="a60b9558-1853-49b9-8ad9-c72757f37424" />
    <UnitTestResult executionId="15c2c02e-e6ea-4490-ad26-f422f1f23c2d" testId="e11cca64-a24b-27e7-7793-7e16d2cfe145" testName="PolyglotSql.Tests.DataTypeTests.ParseAndGenBackToItself(input: &quot;NVARCHAR2(255)&quot;, dialect: Oracle)" computerName="DESKTOP-OV6U4FN" duration="00:00:00.0000666" startTime="2026-07-29T12:33:32.8849503+06:00" endTime="2026-07-29T12:33:32.8849504+06:00" testType="13cdc9d9-ddb5-4fa4-a97d-d965ccfc6d4b" outcome="Passed" testListId="8c84fa94-04c1-424b-9868-57a2d4851a1d" relativeResultsDirectory="15c2c02e-e6ea-4490-ad26-f422f1f23c2d" />
    <UnitTestResult executionId="1475cc3b-afdd-4d67-a4f4-b95a65bcb8b3" testId="cad0d68a-6a8c-d0b8-2a4b-b74118a7403d" testName="PolyglotSql.Tests.TableTests.TestQualifyTables" computerName="DESKTOP-OV6U4FN" duration="00:00:00.0602093" startTime="2026-07-29T12:33:32.8817890+06:00" endTime="2026-07-29T12:33:32.8817891+06:00" testType="13cdc9d9-ddb5-4fa4-a97d-d965ccfc6d4b" outcome="Passed" testListId="8c84fa94-04c1-424b-9868-57a2d4851a1d" relativeResultsDirectory="1475cc3b-afdd-4d67-a4f4-b95a65bcb8b3" />
    <UnitTestResult executionId="0c9c8e15-967d-4704-b4df-f3af2a9ef41c" testId="9171fdf6-0e24-0924-40de-b87d500649ad" testName="PolyglotSql.Tests.DataTypeTests.ParseAndGenBackToItself(input: &quot;TEXT&quot;, dialect: PostgreSQL)" computerName="DESKTOP-OV6U4FN" duration="00:00:00.0000523" startTime="2026-07-29T12:33:32.8848186+06:00" endTime="2026-07-29T12:33:32.8848187+06:00" testType="13cdc9d9-ddb5-4fa4-a97d-d965ccfc6d4b" outcome="Passed" testListId="8c84fa94-04c1-424b-9868-57a2d4851a1d" relativeResultsDirectory="0c9c8e15-967d-4704-b4df-f3af2a9ef41c" />
    <UnitTestResult executionId="f94d1361-e107-4db0-926f-338f3bbcef49" testId="8c1e8f1c-ff4f-f7ca-40cb-23eaf020bf0b" testName="PolyglotSql.Tests.DataTypeTests.ParseAndGenBackToItself(input: &quot;TIMESTAMP&quot;, dialect: Generic)" computerName="DESKTOP-OV6U4FN" duration="00:00:00.0000779" startTime="2026-07-29T12:33:32.8841685+06:00" endTime="2026-07-29T12:33:32.8841686+06:00" testType="13cdc9d9-ddb5-4fa4-a97d-d965ccfc6d4b" outcome="Passed" testListId="8c84fa94-04c1-424b-9868-57a2d4851a1d" relativeResultsDirectory="f94d1361-e107-4db0-926f-338f3bbcef49" />
    <UnitTestResult executionId="b351c2d1-a8cd-4868-a408-c69d0a3be4b9" testId="c73adf5d-dbd8-fd5f-9ac3-e1d4c4c7c63b" testName="PolyglotSql.Tests.TranspileTests.TranspileOptionPretty(pretty: True, expectMultiline: True)" computerName="DESKTOP-OV6U4FN" duration="00:00:00.0009672" startTime="2026-07-29T12:33:32.8767270+06:00" endTime="2026-07-29T12:33:32.8767271+06:00" testType="13cdc9d9-ddb5-4fa4-a97d-d965ccfc6d4b" outcome="Passed" testListId="8c84fa94-04c1-424b-9868-57a2d4851a1d" relativeResultsDirectory="b351c2d1-a8cd-4868-a408-c69d0a3be4b9" />
    <UnitTestResult executionId="c32d4a58-a7f4-4bcc-a11a-d65301f24964" testId="006857c3-d7d8-f16e-aa00-3f4acb207e79" testName="PolyglotSql.Tests.TranspileTests.TestTranspileError" computerName="DESKTOP-OV6U4FN" duration="00:00:00.0008578" startTime="2026-07-29T12:33:32.8748321+06:00" endTime="2026-07-29T12:33:32.8748323+06:00" testType="13cdc9d9-ddb5-4fa4-a97d-d965ccfc6d4b" outcome="Passed" testListId="8c84fa94-04c1-424b-9868-57a2d4851a1d" relativeResultsDirectory="c32d4a58-a7f4-4bcc-a11a-d65301f24964" />
    <UnitTestResult executionId="4dc3007e-c5b9-4cd4-b773-19f16ab242e5" testId="15179968-798b-7821-0b7f-d03111ce39eb" testName="PolyglotSql.Tests.DataTypeTests.ParseAndGenBackToItself(input: &quot;DATETIME&quot;, dialect: TSQL)" computerName="DESKTOP-OV6U4FN" duration="00:00:00.0001358" startTime="2026-07-29T12:33:32.8840330+06:00" endTime="2026-07-29T12:33:32.8840331+06:00" testType="13cdc9d9-ddb5-4fa4-a97d-d965ccfc6d4b" outcome="Passed" testListId="8c84fa94-04c1-424b-9868-57a2d4851a1d" relativeResultsDirectory="4dc3007e-c5b9-4cd4-b773-19f16ab242e5" />
    <UnitTestResult executionId="3d81a44c-14a0-488c-865d-542e924ac2fa" testId="5f82f3b0-7036-f34b-676c-ff7473d0e675" testName="PolyglotSql.Tests.TokenizerTests.TestSelectKeyword" computerName="DESKTOP-OV6U4FN" duration="00:00:00.0783679" startTime="2026-07-29T12:33:32.8950091+06:00" endTime="2026-07-29T12:33:32.8950094+06:00" testType="13cdc9d9-ddb5-4fa4-a97d-d965ccfc6d4b" outcome="Passed" testListId="8c84fa94-04c1-424b-9868-57a2d4851a1d" relativeResultsDirectory="3d81a44c-14a0-488c-865d-542e924ac2fa" />
    <UnitTestResult executionId="04e03e87-aaea-4a30-9542-f1a190419350" testId="39193862-6c96-6965-1e34-046293c832bd" testName="PolyglotSql.Tests.TranspileTests.TranspileOptionUnsupportedLevel(level: raise, expectThrow: True)" computerName="DESKTOP-OV6U4FN" duration="00:00:00.0422065" startTime="2026-07-29T12:33:32.8715721+06:00" endTime="2026-07-29T12:33:32.8715722+06:00" testType="13cdc9d9-ddb5-4fa4-a97d-d965ccfc6d4b" outcome="Passed" testListId="8c84fa94-04c1-424b-9868-57a2d4851a1d" relativeResultsDirectory="04e03e87-aaea-4a30-9542-f1a190419350" />
    <UnitTestResult executionId="f7580174-a953-4afd-be61-9068480f6380" testId="8b39851f-7a4c-84bc-8b92-5683f132bf2f" testName="PolyglotSql.Tests.DataTypeTests.ParseAndGenBackToItself(input: &quot;DATE&quot;, dialect: Generic)" computerName="DESKTOP-OV6U4FN" duration="00:00:00.0000422" startTime="2026-07-29T12:33:32.8811387+06:00" endTime="2026-07-29T12:33:32.8811387+06:00" testType="13cdc9d9-ddb5-4fa4-a97d-d965ccfc6d4b" outcome="Passed" testListId="8c84fa94-04c1-424b-9868-57a2d4851a1d" relativeResultsDirectory="f7580174-a953-4afd-be61-9068480f6380" />
    <UnitTestResult executionId="14b96609-efc2-4f1b-bf4c-25ad532b5418" testId="6461bc9d-962c-c451-a512-850978d51b21" testName="PolyglotSql.Tests.DataTypeTests.ParseAndGenBackToItself(input: &quot;BINARY(16)&quot;, dialect: MySQL)" computerName="DESKTOP-OV6U4FN" duration="00:00:00.0000805" startTime="2026-07-29T12:33:32.8864710+06:00" endTime="2026-07-29T12:33:32.8864711+06:00" testType="13cdc9d9-ddb5-4fa4-a97d-d965ccfc6d4b" outcome="Passed" testListId="8c84fa94-04c1-424b-9868-57a2d4851a1d" relativeResultsDirectory="14b96609-efc2-4f1b-bf4c-25ad532b5418" />
    <UnitTestResult executionId="50b182a3-8d95-4158-ad44-2ca6dbb41c50" testId="e259ab5d-4428-183d-dfa3-8e527874e134" testName="PolyglotSql.Tests.TokenizerTests.TestSimpleWord" computerName="DESKTOP-OV6U4FN" duration="00:00:00.0003473" startTime="2026-07-29T12:33:32.9037701+06:00" endTime="2026-07-29T12:33:32.9037702+06:00" testType="13cdc9d9-ddb5-4fa4-a97d-d965ccfc6d4b" outcome="Passed" testListId="8c84fa94-04c1-424b-9868-57a2d4851a1d" relativeResultsDirectory="50b182a3-8d95-4158-ad44-2ca6dbb41c50" />
    <UnitTestResult executionId="2525c7f1-60a8-461a-9c00-92545cccd53b" testId="bd252c3c-e91e-558c-8b9d-38097a8bb54e" testName="PolyglotSql.Tests.DataTypeTests.ParseAndGenBackToItself(input: &quot;DATE&quot;, dialect: TSQL)" computerName="DESKTOP-OV6U4FN" duration="00:00:00.0000483" startTime="2026-07-29T12:33:32.8849838+06:00" endTime="2026-07-29T12:33:32.8849839+06:00" testType="13cdc9d9-ddb5-4fa4-a97d-d965ccfc6d4b" outcome="Passed" testListId="8c84fa94-04c1-424b-9868-57a2d4851a1d" relativeResultsDirectory="2525c7f1-60a8-461a-9c00-92545cccd53b" />
    <UnitTestResult executionId="5ba25840-331b-4c5f-bac3-97590ea9119b" testId="a3a9f1ef-8de2-1189-79dd-2e5adfbd922f" testName="PolyglotSql.Tests.TokenizerTests.TestUnicodeIdentifiers" computerName="DESKTOP-OV6U4FN" duration="00:00:00.0004418" startTime="2026-07-29T12:33:32.9019425+06:00" endTime="2026-07-29T12:33:32.9019432+06:00" testType="13cdc9d9-ddb5-4fa4-a97d-d965ccfc6d4b" outcome="Passed" testListId="8c84fa94-04c1-424b-9868-57a2d4851a1d" relativeResultsDirectory="5ba25840-331b-4c5f-bac3-97590ea9119b" />
    <UnitTestResult executionId="428a2f48-47e3-48bf-963d-6df0e2b35893" testId="a69c2d83-6555-a82e-7a59-a0c11d6070fd" testName="PolyglotSql.Tests.DataTypeTests.ParseAndGenBackToItself(input: &quot;SMALLINT&quot;, dialect: MySQL)" computerName="DESKTOP-OV6U4FN" duration="00:00:00.0000695" startTime="2026-07-29T12:33:32.8811085+06:00" endTime="2026-07-29T12:33:32.8811086+06:00" testType="13cdc9d9-ddb5-4fa4-a97d-d965ccfc6d4b" outcome="Passed" testListId="8c84fa94-04c1-424b-9868-57a2d4851a1d" relativeResultsDirectory="428a2f48-47e3-48bf-963d-6df0e2b35893" />
    <UnitTestResult executionId="3c59a455-8ade-43b9-bd5f-5005c636b0f0" testId="11a07272-0a3c-07a9-0042-338849883b6d" testName="PolyglotSql.Tests.DataTypeTests.ParseAndGenBackToItself(input: &quot;TIMESTAMP&quot;, dialect: PostgreSQL)" computerName="DESKTOP-OV6U4FN" duration="00:00:00.0001258" startTime="2026-07-29T12:33:32.8791869+06:00" endTime="2026-07-29T12:33:32.8791870+06:00" testType="13cdc9d9-ddb5-4fa4-a97d-d965ccfc6d4b" outcome="Passed" testListId="8c84fa94-04c1-424b-9868-57a2d4851a1d" relativeResultsDirectory="3c59a455-8ade-43b9-bd5f-5005c636b0f0" />
    <UnitTestResult executionId="1b83ea93-bedf-4abf-a04f-8be961d3d647" testId="a5f586ad-9f18-5b88-1892-cdba883ded04" testName="PolyglotSql.Tests.DialectTests.TestEachDialectIsValidEnumMember" computerName="DESKTOP-OV6U4FN" duration="00:00:00.0012951" startTime="2026-07-29T12:33:32.8792591+06:00" endTime="2026-07-29T12:33:32.8792592+06:00" testType="13cdc9d9-ddb5-4fa4-a97d-d965ccfc6d4b" outcome="Passed" testListId="8c84fa94-04c1-424b-9868-57a2d4851a1d" relativeResultsDirectory="1b83ea93-bedf-4abf-a04f-8be961d3d647" />
    <UnitTestResult executionId="a2def46b-46db-4ded-9c66-f06288b6965b" testId="588bdcad-7f65-6a6d-f23e-d0e1960a6dc6" testName="PolyglotSql.Tests.LineageTests.TestLineageWithSchema" computerName="DESKTOP-OV6U4FN" duration="00:00:00.0616114" startTime="2026-07-29T12:33:32.8830215+06:00" endTime="2026-07-29T12:33:32.8830216+06:00" testType="13cdc9d9-ddb5-4fa4-a97d-d965ccfc6d4b" outcome="Passed" testListId="8c84fa94-04c1-424b-9868-57a2d4851a1d" relativeResultsDirectory="a2def46b-46db-4ded-9c66-f06288b6965b" />
    <UnitTestResult executionId="f1d976e0-6d6a-4454-91dd-12545947b6be" testId="b0f217a3-00cd-e09f-845e-052eef8bf898" testName="PolyglotSql.Tests.DataTypeTests.TestParseDataTypeStruct" computerName="DESKTOP-OV6U4FN" duration="00:00:00.0049090" startTime="2026-07-29T12:33:32.8937565+06:00" endTime="2026-07-29T12:33:32.8937576+06:00" testType="13cdc9d9-ddb5-4fa4-a97d-d965ccfc6d4b" outcome="Passed" testListId="8c84fa94-04c1-424b-9868-57a2d4851a1d" relativeResultsDirectory="f1d976e0-6d6a-4454-91dd-12545947b6be" />
    <UnitTestResult executionId="a8822c1a-2838-489d-8355-f820fe5b44d2" testId="dda168ae-6596-6ac2-be9b-2b9be53ebc2f" testName="PolyglotSql.Tests.DataTypeTests.ParseAndGenBackToItself(input: &quot;TIMESTAMP&quot;, dialect: MySQL)" computerName="DESKTOP-OV6U4FN" duration="00:00:00.0000891" startTime="2026-07-29T12:33:32.8839713+06:00" endTime="2026-07-29T12:33:32.8839713+06:00" testType="13cdc9d9-ddb5-4fa4-a97d-d965ccfc6d4b" outcome="Passed" testListId="8c84fa94-04c1-424b-9868-57a2d4851a1d" relativeResultsDirectory="a8822c1a-2838-489d-8355-f820fe5b44d2" />
    <UnitTestResult executionId="b3367b8b-cc00-4f94-817d-ee2c9a00ee2c" testId="65a424f8-7de5-74d4-58a2-c48bd89f4e09" testName="PolyglotSql.Tests.AstTests.TestParseMultipleStatements" computerName="DESKTOP-OV6U4FN" duration="00:00:00.0004889" startTime="2026-07-29T12:33:32.8779470+06:00" endTime="2026-07-29T12:33:32.8779471+06:00" testType="13cdc9d9-ddb5-4fa4-a97d-d965ccfc6d4b" outcome="Passed" testListId="8c84fa94-04c1-424b-9868-57a2d4851a1d" relativeResultsDirectory="b3367b8b-cc00-4f94-817d-ee2c9a00ee2c" />
    <UnitTestResult executionId="d0e1416a-b473-4aeb-ac6c-d579ccbcedde" testId="e157f945-d8f1-39d1-287f-58d40ad6cefc" testName="PolyglotSql.Tests.TokenizerTests.TestCRLF" computerName="DESKTOP-OV6U4FN" duration="00:00:00.0005821" startTime="2026-07-29T12:33:32.9051178+06:00" endTime="2026-07-29T12:33:32.9051180+06:00" testType="13cdc9d9-ddb5-4fa4-a97d-d965ccfc6d4b" outcome="Passed" testListId="8c84fa94-04c1-424b-9868-57a2d4851a1d" relativeResultsDirectory="d0e1416a-b473-4aeb-ac6c-d579ccbcedde" />
    <UnitTestResult executionId="44b4b3e1-cbb2-4e5a-a498-60cb0e8b432b" testId="6421793d-5249-b4a8-8ced-8e9d0ae43eef" testName="PolyglotSql.Tests.DataTypeTests.ParseAndGenBackToItself(input: &quot;UUID&quot;, dialect: PostgreSQL)" computerName="DESKTOP-OV6U4FN" duration="00:00:00.0012555" startTime="2026-07-29T12:33:32.8776281+06:00" endTime="2026-07-29T12:33:32.8776283+06:00" testType="13cdc9d9-ddb5-4fa4-a97d-d965ccfc6d4b" outcome="Passed" testListId="8c84fa94-04c1-424b-9868-57a2d4851a1d" relativeResultsDirectory="44b4b3e1-cbb2-4e5a-a498-60cb0e8b432b" />
[...]
    <TestEntry testId="8b39851f-7a4c-84bc-8b92-5683f132bf2f" executionId="f7580174-a953-4afd-be61-9068480f6380" testListId="8c84fa94-04c1-424b-9868-57a2d4851a1d" />
    <TestEntry testId="6461bc9d-962c-c451-a512-850978d51b21" executionId="14b96609-efc2-4f1b-bf4c-25ad532b5418" testListId="8c84fa94-04c1-424b-9868-57a2d4851a1d" />
    <TestEntry testId="e259ab5d-4428-183d-dfa3-8e527874e134" executionId="50b182a3-8d95-4158-ad44-2ca6dbb41c50" testListId="8c84fa94-04c1-424b-9868-57a2d4851a1d" />
    <TestEntry testId="bd252c3c-e91e-558c-8b9d-38097a8bb54e" executionId="2525c7f1-60a8-461a-9c00-92545cccd53b" testListId="8c84fa94-04c1-424b-9868-57a2d4851a1d" />
    <TestEntry testId="a3a9f1ef-8de2-1189-79dd-2e5adfbd922f" executionId="5ba25840-331b-4c5f-bac3-97590ea9119b" testListId="8c84fa94-04c1-424b-9868-57a2d4851a1d" />
    <TestEntry testId="a69c2d83-6555-a82e-7a59-a0c11d6070fd" executionId="428a2f48-47e3-48bf-963d-6df0e2b35893" testListId="8c84fa94-04c1-424b-9868-57a2d4851a1d" />
    <TestEntry testId="11a07272-0a3c-07a9-0042-338849883b6d" executionId="3c59a455-8ade-43b9-bd5f-5005c636b0f0" testListId="8c84fa94-04c1-424b-9868-57a2d4851a1d" />
    <TestEntry testId="a5f586ad-9f18-5b88-1892-cdba883ded04" executionId="1b83ea93-bedf-4abf-a04f-8be961d3d647" testListId="8c84fa94-04c1-424b-9868-57a2d4851a1d" />
    <TestEntry testId="588bdcad-7f65-6a6d-f23e-d0e1960a6dc6" executionId="a2def46b-46db-4ded-9c66-f06288b6965b" testListId="8c84fa94-04c1-424b-9868-57a2d4851a1d" />
    <TestEntry testId="b0f217a3-00cd-e09f-845e-052eef8bf898" executionId="f1d976e0-6d6a-4454-91dd-12545947b6be" testListId="8c84fa94-04c1-424b-9868-57a2d4851a1d" />
    <TestEntry testId="dda168ae-6596-6ac2-be9b-2b9be53ebc2f" executionId="a8822c1a-2838-489d-8355-f820fe5b44d2" testListId="8c84fa94-04c1-424b-9868-57a2d4851a1d" />
    <TestEntry testId="65a424f8-7de5-74d4-58a2-c48bd89f4e09" executionId="b3367b8b-cc00-4f94-817d-ee2c9a00ee2c" testListId="8c84fa94-04c1-424b-9868-57a2d4851a1d" />
    <TestEntry testId="e157f945-d8f1-39d1-287f-58d40ad6cefc" executionId="d0e1416a-b473-4aeb-ac6c-d579ccbcedde" testListId="8c84fa94-04c1-424b-9868-57a2d4851a1d" />
    <TestEntry testId="6421793d-5249-b4a8-8ced-8e9d0ae43eef" executionId="44b4b3e1-cbb2-4e5a-a498-60cb0e8b432b" testListId="8c84fa94-04c1-424b-9868-57a2d4851a1d" />
    <TestEntry testId="3ae4a84f-2803-9d1a-48d1-17981bf4f8e1" executionId="3c6c2ba9-2b59-4bb5-a911-2132552331ec" testListId="8c84fa94-04c1-424b-9868-57a2d4851a1d" />
    <TestEntry testId="ff71feb5-3611-1db5-ff9f-2022a33e2f7e" executionId="76a04e67-dfd8-4ad4-b4d5-1ab68e71e187" testListId="8c84fa94-04c1-424b-9868-57a2d4851a1d" />
    <TestEntry testId="f56e891c-a0e3-f50b-7fb1-93379e38c280" executionId="d9df8c3b-bc5e-46be-8116-653344890f23" testListId="8c84fa94-04c1-424b-9868-57a2d4851a1d" />
    <TestEntry testId="a7397b07-b400-6c61-9c54-a4c0bfcf3dd2" executionId="e9b32c53-0899-4042-984a-5b9392ccf3ed" testListId="8c84fa94-04c1-424b-9868-57a2d4851a1d" />
    <TestEntry testId="4f34c6c1-be90-fb84-10e2-1f22b86e1006" executionId="2d0635a5-ee24-4b3f-8529-c8e1e06bec54" testListId="8c84fa94-04c1-424b-9868-57a2d4851a1d" />
    <TestEntry testId="1b2f34f9-4022-64fe-4202-42c90510b8ad" executionId="b016f7fd-6c1d-4802-a935-ae05d0aa259d" testListId="8c84fa94-04c1-424b-9868-57a2d4851a1d" />
    <TestEntry testId="653f4b0a-66b6-9ba3-5273-52daa46292a9" executionId="ccee3bc7-5c23-4170-9c72-2f003276306b" testListId="8c84fa94-04c1-424b-9868-57a2d4851a1d" />
    <TestEntry testId="ce5702a5-0f4e-f57a-c2e6-3bbd12d22718" executionId="8d9aaadf-ee6b-4b4d-8955-f1a2cb407e89" testListId="8c84fa94-04c1-424b-9868-57a2d4851a1d" />
    <TestEntry testId="d880f3da-2d87-88fb-7876-81b5ddf749b9" executionId="863b75e9-a97a-4eeb-83eb-1bfdc9214025" testListId="8c84fa94-04c1-424b-9868-57a2d4851a1d" />
    <TestEntry testId="61375b73-e915-5fda-1ef0-78a4b241985a" executionId="846cd248-b90f-4cda-8bb2-4ad1fcacd992" testListId="8c84fa94-04c1-424b-9868-57a2d4851a1d" />
    <TestEntry testId="30c6c51f-1971-ff5b-64e3-04ee52b1b380" executionId="cf2dd10e-42cd-4b30-a091-83156355c456" testListId="8c84fa94-04c1-424b-9868-57a2d4851a1d" />
    <TestEntry testId="2a2cf7b6-5097-5ed3-9fa0-b084ec26cf48" executionId="5e0f603b-1595-4f61-8466-1adb4a7dc0ca" testListId="8c84fa94-04c1-424b-9868-57a2d4851a1d" />
    <TestEntry testId="fb90b861-0438-851c-f1d9-fa3843a2c08b" executionId="66e1003f-5379-48d3-a912-50f158422159" testListId="8c84fa94-04c1-424b-9868-57a2d4851a1d" />
    <TestEntry testId="c430292f-5fbf-2c55-a2d7-37b373c616e3" executionId="5e04cedd-4a53-4f6e-9fd9-6f8569def832" testListId="8c84fa94-04c1-424b-9868-57a2d4851a1d" />
    <TestEntry testId="90f3ee81-e343-d94b-8fff-2720fa2e7f9e" executionId="062561db-6eb3-4c3d-9078-19baebd748f8" testListId="8c84fa94-04c1-424b-9868-57a2d4851a1d" />
    <TestEntry testId="90009de7-e232-bdbd-f3ff-5ec8468eed14" executionId="bbbe2451-c315-41a0-a4a2-56273d804158" testListId="8c84fa94-04c1-424b-9868-57a2d4851a1d" />
    <TestEntry testId="db57e1ef-ad3b-80dc-5695-13abae11deb4" executionId="f21342cc-3bd0-46ea-ba44-45cf4eba4dd4" testListId="8c84fa94-04c1-424b-9868-57a2d4851a1d" />
    <TestEntry testId="73e18bd8-1462-d8eb-b5f0-c99790c7c4da" executionId="7fc0a5fc-e95b-481e-a20d-8540fceb3ea1" testListId="8c84fa94-04c1-424b-9868-57a2d4851a1d" />
  </TestEntries>
  <TestLists>
    <TestList name="Список результатов" id="8c84fa94-04c1-424b-9868-57a2d4851a1d" />
    <TestList name="Все загруженные результаты" id="19431567-8539-422a-85d7-44ee4e166bda" />
  </TestLists>
  <ResultSummary outcome="Completed">
    <Counters total="165" executed="165" passed="165" failed="0" error="0" timeout="0" aborted="0" inconclusive="0" passedButRunAborted="0" notRunnable="0" notExecuted="0" disconnected="0" warning="0" completed="0" inProgress="0" pending="0" />
    <Output>
      <StdOut>[xUnit.net 00:00:00.00] xUnit.net VSTest Adapter v2.4.5+1caef2f33e (64-bit .NET 8.0.20)&#xD;
[xUnit.net 00:00:00.42]   Discovering: PolyglotSql.Tests&#xD;
[xUnit.net 00:00:00.63]   Discovered:  PolyglotSql.Tests&#xD;
[xUnit.net 00:00:00.63]   Starting:    PolyglotSql.Tests&#xD;
=== TestFormatBasic ===&#xD;
=== TestDiffDifferentColumns ===&#xD;
=== TestSourceTablesDerivedColumn ===&#xD;
=== TestOpenLineageRunEvent ===&#xD;
=== TestLineageDerivedTableSourceKind ===&#xD;
=== TestValidateInvalid ===&#xD;
SQL1: SELECT a FROM t&#xD;
SQL2: SELECT b FROM t&#xD;
Diff result: DiffResult { Total: 2, Inserts: 1, Removes: 1, Moves: 0, Updates: 0, Keeps: 0 }&#xD;
SQL: SELECT a FROM (SELECT a FROM t) sub&#xD;
  Edit: DiffEdit { Type = remove, Expression = Expression { Json = {"column":{"name":{"name":"a","quoted":false,"trailing_comments":[]},"table":null,"join_mark":false,"trailing_comments":[]}} }, Source = , Target =  }&#xD;
  Edit: DiffEdit { Type = insert, Expression = Expression { Json = {"column":{"name":{"name":"b","quoted":false,"trailing_comments":[]},"table":null,"join_mark":false,"trailing_comments":[]}} }, Source = , Target =  }&#xD;
Lineage: LineageNode { Name: a, SourceName: , SourceKind: root, Downstream: 1 }&#xD;
=== TestDiffIdentical ===&#xD;
Diff result: DiffResult { Total: 0, Inserts: 0, Removes: 0, Moves: 0, Updates: 0, Keeps: 0 }&#xD;
=== TestLineageDeserialization ===&#xD;
=== TestDiffComplexQueries ===&#xD;
SQL1: SELECT a, b FROM t WHERE c = 1&#xD;
SQL2: SELECT a, b, c FROM t WHERE c = 1 AND d = 2&#xD;
Diff result: DiffResult { Total: 6, Inserts: 5, Removes: 0, Moves: 1, Updates: 0, Keeps: 0 }&#xD;
  Edit: DiffEdit { Type = insert, Expression = Expression { Json = {"column":{"name":{"name":"c","quoted":false,"trailing_comments":[]},"table":null,"join_mark":false,"trailing_comments":[]}} }, Source = , Target =  }&#xD;
  Edit: DiffEdit { Type = insert, Expression = Expression { Json = {"and":{"left":{"eq":{"left":{"column":{"name":{"name":"c","quoted":false,"trailing_comments":[]},"table":null,"join_mark":false,"trailing_comments":[]}},"right":{"literal":{"literal_type":"number","value":"1"}},"left_comments":[],"operator_comments":[],"trailing_comments":[]}},"right":{"eq":{"left":{"column":{"name":{"name":"d","quoted":false,"trailing_comments":[]},"table":null,"join_mark":false,"trailing_comments":[]}},"right":{"literal":{"literal_type":"number","value":"2"}},"left_comments":[],"operator_comments":[],"trailing_comments":[]}},"left_comments":[],"operator_comments":[],"trailing_comments":[]}} }, Source = , Target =  }&#xD;
  Edit: DiffEdit { Type = insert, Expression = Expression { Json = {"eq":{"left":{"column":{"name":{"name":"d","quoted":false,"trailing_comments":[]},"table":null,"join_mark":false,"trailing_comments":[]}},"right":{"literal":{"literal_type":"number","value":"2"}},"left_comments":[],"operator_comments":[],"trailing_comments":[]}} }, Source = , Target =  }&#xD;
  Edit: DiffEdit { Type = insert, Expression = Expression { Json = {"column":{"name":{"name":"d","quoted":false,"trailing_comments":[]},"table":null,"join_mark":false,"trailing_comments":[]}} }, Source = , Target =  }&#xD;
  Edit: DiffEdit { Type = insert, Expression = Expression { Json = {"literal":{"literal_type":"number","value":"2"}} }, Source = , Target =  }&#xD;
  Edit: DiffEdit { Type = move, Expression = , Source = Expression { Json = {"eq":{"left":{"column":{"name":{"name":"c","quoted":false,"trailing_comments":[]},"table":null,"join_mark":false,"trailing_comments":[]}},"right":{"literal":{"literal_type":"number","value":"1"}},"left_comments":[],"operator_comments":[],"trailing_comments":[]}} }, Target = Expression { Json = {"eq":{"left":{"column":{"name":{"name":"c","quoted":false,"trailing_comments":[]},"table":null,"join_mark":false,"trailing_comments":[]}},"right":{"literal":{"literal_type":"number","value":"1"}},"left_comments":[],"operator_comments":[],"trailing_comments":[]}} } }&#xD;
SQL: SELECT week_start FROM UNNEST(GENERATE_DATE_ARRAY('2024-01-01', '2024-12-31', INTERVAL 1 WEEK)) AS date_val&#xD;
Lineage: LineageNode { Name: week_start, SourceName: , SourceKind: root, Downstream: 1 }&#xD;
=== TestDiffAddedWhere ===&#xD;
SQL1: SELECT * FROM users&#xD;
SQL2: SELECT * FROM users WHERE id = 1&#xD;
Diff result: DiffResult { Total: 3, Inserts: 3, Removes: 0, Moves: 0, Updates: 0, Keeps: 0 }&#xD;
  Edit: DiffEdit { Type = insert, Expression = Expression { Json = {"eq":{"left":{"column":{"name":{"name":"id","quoted":false,"trailing_comments":[]},"table":null,"join_mark":false,"trailing_comments":[]}},"right":{"literal":{"literal_type":"number","value":"1"}},"left_comments":[],"operator_comments":[],"trailing_comments":[]}} }, Source = , Target =  }&#xD;
  Edit: DiffEdit { Type = insert, Expression = Expression { Json = {"column":{"name":{"name":"id","quoted":false,"trailing_comments":[]},"table":null,"join_mark":false,"trailing_comments":[]}} }, Source = , Target =  }&#xD;
  Edit: DiffEdit { Type = insert, Expression = Expression { Json = {"literal":{"literal_type":"number","value":"1"}} }, Source = , Target =  }&#xD;
=== TestLineageSimple ===&#xD;
=== TestDiffWithDialect ===&#xD;
SQL: SELECT a FROM t&#xD;
Lineage: LineageNode { Name: a, SourceName: , SourceKind: root, Downstream: 1 }&#xD;
SQL: SELECT a + b AS c FROM t&#xD;
Source tables: t&#xD;
SQL1: SELECT * FROM users LIMIT 10&#xD;
SQL2: SELECT * FROM users LIMIT 20&#xD;
Dialect: mysql&#xD;
Diff result: DiffResult { Total: 2, Inserts: 1, Removes: 1, Moves: 0, Updates: 0, Keeps: 0 }&#xD;
  Edit: DiffEdit { Type = remove, Expression = Expression { Json = {"literal":{"literal_type":"number","value":"10"}} }, Source = , Target =  }&#xD;
  Edit: DiffEdit { Type = insert, Expression = Expression { Json = {"literal":{"literal_type":"number","value":"20"}} }, Source = , Target =  }&#xD;
=== TestLineageDerivedColumn ===&#xD;
=== TestQualifyTables ===&#xD;
SQL: SELECT a + 1 AS b FROM t&#xD;
Lineage: LineageNode { Name: b, SourceName: , SourceKind: root, Downstream: 1 }&#xD;
=== TestLineageWithSchema ===&#xD;
Valid: False, errors: 1&#xD;
  [E003] Invalid expression / Unexpected token&#xD;
=== TestValidateValid ===&#xD;
Valid: True, errors: 0&#xD;
=== TestVersionInfo ===&#xD;
NativeRuntimeVersion: 0.6.2&#xD;
WrapperVersion: 0.1.1+55307941133c32583e8689a39b4c40237f3eb131&#xD;
NativeExpectedVersion: 0.5.1&#xD;
=== TestAnalyzeQuery ===&#xD;
=== TestTranspileWithOptions ===&#xD;
Result count: 1&#xD;
  Item: SELECT&#xD;
  1&#xD;
=== TestTranspileError ===&#xD;
Expected error: PolyglotException: Polyglot error (status 3): Parse error at line 1, column 10: Unexpected token: LtLt&#xD;
=== TestTranspileBasic ===&#xD;
Result count: 1&#xD;
  Item: SELECT 1&#xD;
=== TestTranspileSelect ===&#xD;
Result count: 1&#xD;
  Item: SELECT a, b FROM t&#xD;
=== TestTranspileDialectConversion ===&#xD;
Result count: 1&#xD;
  Item: SELECT * FROM users WHERE id = 1&#xD;
=== TestTranspileComplexQuery ===&#xD;
Result count: 1&#xD;
  Item: SELECT COUNT(*) FROM users GROUP BY status ORDER BY count DESC LIMIT 10&#xD;
=== TestFormatWithOptions ===&#xD;
=== TestParseBasic ===&#xD;
Parsed 1 AST nodes&#xD;
  Node JSON: {"select":{"expressions":[{"literal":{"literal_type":"number","value":"1"}}],"from":null,"joins":[],...&#xD;
=== TestParseOne ===&#xD;
ParseOne JSON: {"select":{"expressions":[{"literal":{"literal_type":"number","value":"1"}}],"from":null,"joins":[],"lateral_views":[],"where_clause":null,"group_by":null,"having":null,"qualify":null,"order_by":null,...&#xD;
=== TestParseMultipleStatements ===&#xD;
SQL: SELECT 1; SELECT 2&#xD;
Parsed 2 AST nodes&#xD;
=== TestGenerate ===&#xD;
Generated 1 statement(s): SELECT 1&#xD;
=== TestParseSelectWithColumns ===&#xD;
SQL: SELECT a, b, c FROM users WHERE id = 1&#xD;
Parsed 1 AST nodes&#xD;
  Node JSON: {"select":{"expressions":[{"column":{"name":{"name":"a","quoted":false,"trailing_comments":[]},"tabl...&#xD;
=== TestAnnotateTypes ===&#xD;
Annotated 1 node(s)&#xD;
{"select":{"expressions":[{"alias":{"this":{"add":{"left":{"literal":{"literal_type":"number","value":"1"}},"right":{"li...&#xD;
=== TestParseComplexQuery ===&#xD;
SQL: SELECT COUNT(*) FROM users GROUP BY status ORDER BY count DESC LIMIT 10&#xD;
Parsed 1 AST nodes&#xD;
=== TestOptimizeRunsCanonicalizePass ===&#xD;
optimize result: SELECT a FROM t WHERE NOT a IS NULL AND a IS NULL&#xD;
=== TestOptimizeReturnsEquivalentSql ===&#xD;
SQL: SELECT a FROM t&#xD;
Qualified AST: {"select":{"expressions":[{"column":{"name":{"name":"a","quoted":false,"trailing_comments":[]},"table":null,"join_mark":false,"trailing_comments":[]}}],"from":{"expressions":[{"table":{"name":{"name":"t","quoted":false,"trailing_comments":[]},"schema":{"name":"mydb","quoted":false,"trailing_comments":[]},"catalog":null,"alias":{"name":"t","quoted":false,"trailing_comments":[]},"alias_explicit_as":true,"column_aliases":[],"trailing_comments":[],"when":null,"only":false,"final_":false,"hints":[]}}]},"joins":[],"lateral_views":[],"where_clause":null,"group_by":null,"having":null,"qualify":null,"order_by":null,"distribute_by":null,"cluster_by":null,"sort_by":null,"limit":null,"offset":null,"fetch":null,"distinct":false,"distinct_on":null,"top":null,"with":null,"sample":null,"windows":null,"hint":null,"connect":null,"into":null,"locks":[],"leading_comments":[]}}&#xD;
=== TestSourceTablesSimple ===&#xD;
SQL: SELECT a FROM t&#xD;
Source tables: t&#xD;
=== TestRenameTables ===&#xD;
SQL: SELECT a FROM t&#xD;
Lineage: LineageNode { Name: a, SourceName: , SourceKind: root, Downstream: 1 }&#xD;
=== TestParseDataTypeBoolean ===&#xD;
Result: {"data_type":"boolean"}&#xD;
=== TestGenerateDataTypeInt ===&#xD;
Result: INT(10)&#xD;
=== TestGenerateDataType ===&#xD;
Result: BOOLEAN&#xD;
=== TestParseDataTypeInt ===&#xD;
Result: {"data_type":"int"}&#xD;
=== TestParseDataTypeStruct ===&#xD;
Result: {"data_type":"struct","fields":[{"name":"a","data_type":{"data_type":"int"}},{"name":"b","data_type":{"data_type":"var_char","length":100}}]}&#xD;
=== TestParseDataTypeFloat ===&#xD;
Result: {"data_type":"float"}&#xD;
=== TestParseDataTypeInteger ===&#xD;
Error handling test&#xD;
  Token count: 3&#xD;
Result: {"data_type":"int","integer_spelling":true}&#xD;
=== TestParseDataTypeArray ===&#xD;
  Token: type=SELECT, text='SELECT'&#xD;
  Token: type=UNKNOWN, text='&lt;&lt;'&#xD;
  Token: type=NUMBER, text='1'&#xD;
Comment test - token count: 2&#xD;
  Token: type=SELECT, text='SELECT', line=1, col=7, comments=0&#xD;
  Token: type=NUMBER, text='1', line=2, col=2, comments=0&#xD;
Token count: 1&#xD;
  Token: type=VAR, text='foo', line=1 , col= 4, start=0, end=3&#xD;
=== TestOpenLineageColumnLineage ===&#xD;
Result: {"data_type":"array","element_type":{"data_type":"int"}}&#xD;
Raw JSON (error): 3 tokens&#xD;
=== TestParseDataTypeUnion ===&#xD;
Space keyword test - token count: 2&#xD;
  Token: type=VAR, text='CHARACTER'&#xD;
  Token: type=VAR, text='VARYING'&#xD;
Jinja test - token count: 5&#xD;
  Token: type=L_BRACE, text='{'&#xD;
  Token: type=L_BRACE, text='{'&#xD;
  Token: type=VAR, text='foo'&#xD;
  Token: type=R_BRACE, text='}'&#xD;
  Token: type=R_BRACE, text='}'&#xD;
Multiline test - token count: 4&#xD;
  Token: type=SELECT, text='SELECT', line=1 , col= 7, start=0, end=7&#xD;
  Token: type=NUMBER, text='1', line=2 , col= 2, start=7, end=2&#xD;
  Token: type=PLUS, text='+', line=3 , col= 2, start=9, end=2&#xD;
  Token: type=NUMBER, text='2', line=3 , col= 3, start=10, end=3&#xD;
Testing native library load...&#xD;
SUCCESS: Got 2 tokens&#xD;
Unicode test - token count: 3&#xD;
  Token: type=SELECT, text='SELECT'&#xD;
  Token: type=UNKNOWN, text='??'&#xD;
  Token: type=PARAMETER, text='?'&#xD;
Result: {"data_type":"union","fields":[["num",{"data_type":"int"}],["str",{"data_type":"text"}]]}&#xD;
Command test - checking what happens with backslash command&#xD;
Expected error for command syntax: Polyglot error (status 1): Tokenization error at line 1, column 2: Unexpected character: '\'&#xD;
Complex query test - token count: 14&#xD;
  Token: type=SELECT, text='SELECT', line=1, col=7&#xD;
  Token: type=VAR, text='a', line=1, col=9&#xD;
  Token: type=COMMA, text=',', line=1, col=10&#xD;
  Token: type=VAR, text='b', line=1, col=12&#xD;
  Token: type=FROM, text='FROM', line=1, col=17&#xD;
  Token: type=VAR, text='t', line=1, col=19&#xD;
  Token: type=WHERE, text='WHERE', line=1, col=25&#xD;
  Token: type=VAR, text='c', line=1, col=27&#xD;
  Token: type=EQ, text='=', line=1, col=29&#xD;
  Token: type=NUMBER, text='1', line=1, col=31&#xD;
  Token: type=AND, text='AND', line=1, col=35&#xD;
  Token: type=VAR, text='d', line=1, col=37&#xD;
  Token: type=GT, text='&gt;', line=1, col=39&#xD;
  Token: type=NUMBER, text='2', line=1, col=41&#xD;
CRLF test - token count: 2&#xD;
  Token: type=SELECT, text='SELECT', line=1, col=7, start=0, end=7&#xD;
  Token: type=NUMBER, text='1', line=2, col=2, start=8, end=2&#xD;
Raw JSON: [{"token_type":385,"text":"SELECT","line":1,"col":7,"start":0,"end":6},{"token_type":77,"text":"1","line":1,"col":9,"start":7,"end":8}]&#xD;
SQL: SELECT a FROM t&#xD;
Renamed AST: {"select":{"expressions":[{"column":{"name":{"name":"a","quoted":false,"trailing_comments":[]},"table":null,"join_mark":false,"trailing_comments":[]}}],"from":{"expressions":[{"table":{"name":{"name":"t2","quoted":false,"trailing_comments":[]},"schema":null,"catalog":null,"alias":null,"alias_explicit_as":false,"column_aliases":[],"trailing_comments":[],"when":null,"only":false,"final_":false,"hints":[]}}]},"joins":[],"lateral_views":[],"where_clause":null,"group_by":null,"having":null,"qualify":null,"order_by":null,"distribute_by":null,"cluster_by":null,"sort_by":null,"limit":null,"offset":null,"fetch":null,"distinct":false,"distinct_on":null,"top":null,"with":null,"sample":null,"windows":null,"hint":null,"connect":null,"into":null,"locks":[],"leading_comments":[]}}&#xD;
Shape: select, projections: 1, relations: 1&#xD;
Output: 1 dataset(s), field 'a' inputs: 1&#xD;
=== TestOpenLineageJobEvent ===&#xD;
[xUnit.net 00:00:00.86]   Finished:    PolyglotSql.Tests&#xD;
</StdOut>
    </Output>
  </ResultSummary>
</TestRun>